node   1  (   0,    0) (   5,    3) (   5,    4) (   3,    3) (   1,    0) (   2,    2) (   2,    0) (   1,    1) (   2,    1) (   2,    2)
          (   2,    2) (   2,    2) (   2,    2) (   2,    1) (   1,    2) (   2,    1) (   2,    4) (   2,    2) (   2,    2) (   2,    2)
          (   2,    1) (   2,    2) (   2,    1) (   1,    4) (   2,    4) (   2,    2) (   1,    1) (   1,    0) (   2,    2) (   2,    0)
          (   2,    4) (   2,    3) (   2,    4) (   1,    1) (   2,    3) (   2,    4) (   1,    1) (   2,    1) (   2,    2) (   2,    3)
          (   2,    2) (   1,    3) (   2,    1) (   1,    0) (   2,    1) (   2,    3) (   2,    1) (   2,    5) (   1,    1) (   2,    1)
          (   2,    2) (   2,    1) (   1,    1) (   2,    0) (   2,    2) (   1,    2) (   2,    3) (   2,    0) (   1,    3) (   2,    2)
          (   2,    3) (   1,    1) (   2,    1) (   2,    2) (   2,    2) (   2,    1) (   1,    3) (   2,    2) (   1,    0) (   2,    1)
          (   2,    2) (   2,    1) (   1,    3) (   2,    2) (   1,    2) (   1,    1) (   2,    2) (   1,    3) (   2,    2) (   1,    2)
          (   2,    3) (   2,    2) (   2,    0) (   2,    0) (   1,    4) (   2,    1) (   2,    2) (   2,    0) (   2,    2) (   2,    0)
          (   1,    2) (   1,    3) (   1,    0) (   1,    0) (   1,    2) (   2,    0) (   1,    0) (   2,    0) (   2,    2) (   2,    0)
          (   2,    3) (   1,    4) (   1,    0) (   2,    3) (   1,    2) (   1,    0) (   1,    3) (   2,    3) (   0,    2) (   1,    1)
          (   2,    0) (   1,    2) (   2,    3) (   2,    0) (   2,    1) (   1,    3) (   1,    2) (   2,    1) (   2,    1) (   2,    2)
          (   1,    3) (   1,    2) (   2,    1) (   2,    3) (   1,    1) (   2,    1) (   2,    0) (   2,    1) (   2,    2) (   1,    2)
          (   2,    4) (   2,    2) (   2,    0) (   1,    0) (   1,    1) (   2,    3) (   2,    0) (   1,    3) (   1,    1) (   2,    4)
          (   2,    0) (   1,    2) (   2,    1) (   2,    4) (   1,    0) (   2,    2) (   2,    1) (   2,    1) (   2,    3) (   2,    2)
          (   1,    3) (   1,    1) (   2,    1) (   2,    1) (   2,    2) (   2,    2) (   2,    2) (   2,    2) (   2,    3) (   2,    1)
          (   2,    3) (   2,    3) (   2,    1) (   2,    1) (   2,    0) (   2,    1) (   2,    2) (   1,    4) (   2,    1) (   2,    1)
          (   2,    2) (   1,    0) (   2,    0) (   2,    0) (   2,    2) (   2,    3) (   1,    1) (   0,    3) (   2,    3) (   2,    2)
          (   2,    1) (   2,    2) (   2,    3) (   2,    5) (   2,    3) (   2,    3) (   2,    1) (   2,    2) (   2,    2) (   2,    0)
          (   2,    2) (   2,    3) (   2,    2) (   2,    3) (   1,    2) (   1,    0) (   2,    1) (   2,    3) (   2,    3) (   2,    2)
          (   2,    1) (   1,    1) (   2,    2) (   2,    3) (   2,    3) (   2,    2) (   2,    2) (   0,    2) (   2,    1) (   1,    2)
          (   1,    2) (   1,    1) (   2,    2) (   2,    0) (   2,    3) (   1,    1) (   2,    0) (   2,    0) (   2,    1) (   2,    0)
          (   1,    2) (   2,    2) (   2,    0) (   0,    2) (   2,    1) (   2,    1) (   1,    4) (   2,    2) (   1,    3) (   2,    3)
          (   2,    2) (   1,    1) (   2,    2) (   2,    0) (   2,    2) (   2,    3) (   2,    2) (   1,    2) (   2,    2) (   1,    1)
          (   2,    1) (   1,    2) (   2,    4) (   2,    2) (   2,    1) (   2,    0) (   1,    2) (   2,    0) (   2,    1) (   2,    0)
          (   2,    0) (   2,    1) (   1,    3) (   2,    0) (   2,    1) (   1,    1) (   2,    1) (   2,    3) (   2,    1) (   2,    0)
          (   2,    0) (   2,    1) (   2,    1) (   1,    2) (   2,    1) (   2,    3) (   2,    1) (   1,    0) (   2,    0) (   2,    3)
          (   2,    4) (   2,    1) (   2,    2) (   2,    1) (   2,    2) (   2,    1) (   2,    2) (   2,    0) (   2,    3) (   2,    1)
          (   2,    3) (   2,    2) (   2,    0) (   2,    2) (   2,    2) (   1,    2) (   2,    1) (   2,    2) (   2,    2) (   2,    3)
          (   2,    2) (   2,    0) (   2,    1) (   1,    2) (   2,    2) (   2,    4) (   2,    2) (   2,    2) (   1,    2) (   1,    4)
          (   2,    1) (   2,    1) (   2,    2) (   2,    2) (   2,    0) (   2,    2) (   1,    3) (   2,    2) (   1,    2) (   2,    0)
          (   1,    2) (   2,    1) (   2,    2) (   2,    2) (   2,    1) (   1,    3) (   2,    2) (   2,    1) (   1,    2) (   2,    3)
          (   2,    0) (   2,    2) (   2,    0) (   2,    1) (   2,    4) (   2,    1) (   2,    3) (   2,    3) (   2,    1) (   2,    2)
          (   2,    1) (   2,    1) (   2,    1) (   1,    0) (   2,    0) (   2,    4) (   2,    0) (   2,    1) (   2,    2) (   2,    1)
          (   2,    1) (   2,    1) (   1,    1) (   1,    2) (   2,    3) (   2,    2) (   2,    3) (   2,    2) (   2,    2) (   2,    2)
          (   2,    4) (   1,    4) (   2,    1) (   2,    2) (   2,    2) (   2,    4) (   2,    3) (   2,    1) (   1,    3) (   2,    2)
          (   2,    2) (   2,    4) (   1,    2) (   2,    3) (   2,    0) (   2,    2) (   2,    1) (   2,    3) (   2,    3) (   2,    1)
          (   2,    0) (   2,    1) (   1,    3) (   2,    1) (   1,    1) (   2,    1) (   2,    1) (   2,    2) (   2,    1) (   1,    3)
          (   2,    0) (   2,    4) (   1,    1) (   2,    2) (   2,    0) (   2,    2) (   2,    2) (   2,    1) (   1,    3) (   2,    0)
          (   2,    3) (   2,    1) (   2,    3) (   2,    1) (   2,    3) (   2,    3) (   1,    2) (   2,    0) (   2,    1) (   2,    1)
          (   2,    1) (   2,    0) (   2,    4) (   1,    1) (   2,    4) (   2,    1) (   2,    2) (   2,    3) (   2,    0) (   1,    2)
          (   2,    0) (   2,    4) (   2,    2) (   2,    2) (   2,    1) (   2,    2) (   2,    1) (   2,    2) (   2,    1) (   2,    3)
          (   2,    1) (   2,    2) (   2,    3) (   2,    3) (   1,    0) (   2,    0) (   2,    1) (   2,    3) (   2,    2) (   2,    0)
          (   2,    4) (   2,    2) (   2,    0) (   2,    0) (   1,    2) (   2,    3) (   1,    1) (   2,    2) (   2,    2) (   2,    4)
          (   2,    1) (   2,    2) (   2,    1) (   2,    5) (   1,    3) (   1,    1) (   2,    2) (   2,    3) (   2,    2) (   2,    2)
          (   2,    4) (   2,    1) (   2,    2) (   2,    2) (   2,    2) (   2,    2) (   2,    1) (   2,    2) (   2,    1) (   1,    2)
          (   2,    1) (   2,    2) (   2,    2) (   2,    3) (   2,    3) (   2,    2) (   2,    2) (   1,    1) (   2,    3) (   2,    2)
          (   2,    2) (   2,    4) (   1,    3) (   2,    2) (   1,    2) (   2,    2) (   2,    3) (   2,    1) (   2,    1) (   2,    0)
          (   2,    2) (   1,    3) (   2,    1) (   1,    1) (   2,    2) (   2,    0) (   2,    3) (   2,    2) (   2,    2) (   2,    4)
          (   2,    3) (   2,    2) (   1,    2) (   2,    2) (   2,    0) (   2,    1) (   2,    2) (   2,    4) (   2,    2) (   2,    0)
          (   2,    2) (   2,    3) (   2,    3) (   2,    1) (   1,    2) (   2,    0) (   2,    1) (   1,    2) (   2,    3) (   2,    1)
          (   2,    2) (   2,    0) (   2,    2) (   1,    1) (   2,    2) (   2,    2) (   2,    1) (   2,    2) (   2,    1) (   1,    2)
          (   2,    2) (   2,    3) (   2,    1) (   2,    2) (   2,    2) (   2,    3) (   2,    1) (   2,    1) (   2,    1) (   2,    3)
          (   2,    1) (   2,    2) (   2,    2) (   2,    0) (   2,    1) (   1,    3) (   2,    1) (   2,    4) (   2,    2) (   1,    1)
          (   2,    2) (   2,    3) (   2,    4) (   1,    0) (   2,    1) (   2,    3) (   2,    2) (   2,    1) (   2,    2) (   2,    0)
          (   2,    0) (   2,    1) (   2,    2) (   2,    1) (   2,    2) (   2,    0) (   2,    2) (   2,    2) (   1,    1) (   2,    2)
          (   2,    3) (   2,    2) (   2,    0) (   2,    1) (   1,    4) (   2,    3) (   2,    3) (   1,    1) (   2,    0) (   2,    2)
          (   2,    1) (   2,    1) (   2,    2) (   2,    1) (   2,    1) (   2,    2) (   2,    1) (   2,    1) (   2,    1) (   2,    1)
          (   2,    2) (   2,    1) (   2,    1) (   2,    4) (   2,    1) (   2,    3) (   2,    0) (   2,    3) (   2,    1) (   2,    1)
          (   2,    2) (   1,    4) (   2,    2) (   2,    1) (   1,    1) (   2,    1) (   2,    1) (   2,    3) (   2,    4) (   2,    2)
          (   2,    2) (   2,    2) (   1,    2) (   2,    3) (   2,    2) (   2,    0) (   2,    4) (   2,    1) (   1,    2) (   2,    2)
          (   2,    3) (   2,    1) (   2,    1) (   2,    2) (   2,    2) (   2,    4) (   2,    1) (   2,    2) (   2,    3) (   1,    1)
          (   2,    1) (   2,    1) (   2,    3) (   2,    1) (   1,    3) (   1,    2) (   2,    3) (   2,    3) (   2,    1) (   2,    2)
          (   1,    1) (   2,    0) (   2,    4) (   2,    3) (   2,    2) (   2,    0) (   2,    1) (   2,    1) (   2,    2) (   2,    1)
          (   2,    1) (   2,    2) (   2,    0) (   2,    3) (   2,    1) (   2,    0) (   2,    2) (   2,    2) (   1,    2) (   2,    1)
          (   2,    4) (   2,    1) (   2,    2) (   2,    1) (   1,    3) (   1,    1) (   2,    2) (   2,    3) (   2,    0) (   2,    0)
          (   2,    3) (   2,    2) (   2,    0) (   2,    0) (   2,    0) (   2,    1) (   2,    2) (   2,    0) (   2,    2) (   2,    0)
          (   2,    0) (   2,    1) (   2,    1) (   2,    2) (   2,    3) (   2,    2) (   2,    1) (   2,    1) (   2,    2) (   2,    4)
          (   2,    1) (   2,    0) (   2,    2) (   2,    3) (   1,    2) (   2,    0) (   2,    1) (   2,    1) (   2,    0) (   1,    2)
          (   2,    4) (   2,    3) (   2,    2) (   1,    1) (   1,    1) (   2,    0) (   2,    1) (   2,    2) (   2,    2) (   2,    0)
         
node   1 sent_total   1265  recv_total   1207

node   2  (   1,    0) (   0,    0) (   1,    2) (   1,    0) (   2,    2) (   2,    3) (   1,    5) (   1,    2) (   2,    3) (   2,    3)
          (   2,    2) (   2,    3) (   1,    1) (   2,    3) (   2,    3) (   2,    0) (   2,    1) (   2,    2) (   2,    4) (   2,    3)
          (   2,    2) (   1,    3) (   2,    3) (   1,    1) (   2,    3) (   2,    1) (   1,    3) (   2,    4) (   2,    2) (   2,    1)
          (   2,    0) (   2,    0) (   1,    0) (   1,    0) (   2,    0) (   1,    2) (   2,    3) (   1,    2) (   1,    2) (   2,    2)
          (   2,    2) (   1,    2) (   1,    3) (   2,    2) (   2,    2) (   2,    1) (   2,    1) (   1,    2) (   2,    1) (   2,    3)
          (   2,    1) (   1,    3) (   1,    3) (   1,    4) (   2,    4) (   2,    3) (   1,    1) (   1,    1) (   2,    2) (   1,    1)
          (   1,    0) (   1,    1) (   2,    2) (   0,    1) (   2,    2) (   2,    1) (   2,    2) (   2,    2) (   1,    2) (   2,    1)
          (   2,    3) (   1,    2) (   1,    2) (   2,    2) (   2,    1) (   2,    1) (   2,    1) (   1,    0) (   2,    1) (   1,    1)
          (   2,    2) (   1,    1) (   1,    0) (   2,    4) (   2,    1) (   2,    2) (   1,    1) (   2,    4) (   1,    2) (   1,    3)
          (   1,    0) (   2,    0) (   1,    1) (   1,    3) (   1,    1) (   2,    1) (   1,    3) (   2,    4) (   2,    3) (   2,    1)
          (   2,    0) (   1,    1) (   2,    2) (   2,    1) (   2,    3) (   2,    2) (   1,    2) (   2,    1) (   2,    2) (   2,    1)
          (   2,    3) (   2,    1) (   2,    1) (   2,    1) (   2,    3) (   2,    0) (   2,    1) (   2,    1) (   2,    3) (   2,    3)
          (   2,    1) (   2,    2) (   2,    0) (   2,    1) (   1,    3) (   1,    1) (   2,    3) (   2,    1) (   2,    0) (   1,    2)
          (   2,    1) (   1,    1) (   2,    4) (   1,    1) (   2,    0) (   1,    2) (   2,    1) (   2,    1) (   1,    1) (   1,    1)
          (   2,    1) (   2,    2) (   1,    3) (   2,    1) (   1,    1) (   1,    1) (   2,    1) (   1,    1) (   2,    3) (   2,    1)
          (   2,    1) (   2,    0) (   2,    1) (   2,    1) (   2,    0) (   2,    3) (   2,    2) (   2,    0) (   1,    0) (   2,    0)
          (   1,    1) (   2,    1) (   2,    1) (   2,    3) (   2,    0) (   2,    2) (   2,    3) (   2,    3) (   1,    1) (   1,    2)
          (   2,    2) (   2,    2) (   2,    3) (   2,    3) (   2,    2) (   2,    3) (   1,    1) (   2,    1) (   2,    2) (   2,    2)
          (   2,    2) (   2,    4) (   1,    1) (   2,    3) (   1,    0) (   1,    2) (   2,    3) (   2,    1) (   2,    2) (   1,    3)
          (   2,    0) (   2,    3) (   2,    2) (   2,    1) (   1,    1) (   2,    4) (   1,    3) (   1,    2) (   2,    4) (   2,    1)
          (   1,    2) (   2,    3) (   1,    0) (   1,    2) (   2,    1) (   2,    1) (   2,    1) (   2,    1) (   0,    1) (   1,    2)
          (   2,    4) (   2,    1) (   2,    2) (   2,    2) (   1,    3) (   2,    2) (   1,    0) (   1,    3) (   1,    1) (   2,    2)
          (   2,    1) (   1,    1) (   1,    2) (   2,    2) (   2,    1) (   2,    3) (   2,    0) (   2,    1) (   1,    1) (   2,    0)
          (   2,    0) (   2,    1) (   1,    3) (   2,    2) (   2,    1) (   2,    1) (   2,    1) (   2,    1) (   2,    4) (   2,    1)
          (   1,    2) (   2,    1) (   2,    1) (   2,    1) (   2,    1) (   2,    1) (   2,    3) (   1,    1) (   2,    1) (   2,    1)
          (   2,    1) (   1,    0) (   1,    1) (   1,    2) (   1,    2) (   1,    1) (   2,    2) (   2,    1) (   2,    0) (   2,    1)
          (   2,    4) (   1,    1) (   2,    1) (   2,    1) (   2,    1) (   2,    3) (   2,    3) (   1,    2) (   2,    2) (   2,    1)
          (   2,    0) (   2,    3) (   1,    1) (   1,    2) (   1,    1) (   2,    0) (   2,    3) (   2,    2) (   2,    2) (   2,    3)
          (   1,    0) (   2,    2) (   2,    0) (   2,    1) (   2,    3) (   2,    3) (   2,    1) (   2,    2) (   2,    3) (   2,    1)
          (   1,    3) (   2,    3) (   2,    1) (   2,    1) (   1,    3) (   2,    0) (   2,    0) (   2,    1) (   2,    1) (   2,    0)
          (   2,    5) (   2,    3) (   2,    0) (   2,    2) (   2,    1) (   2,    1) (   2,    2) (   2,    3) (   2,    3) (   2,    2)
          (   1,    3) (   2,    1) (   2,    3) (   2,    0) (   1,    3) (   2,    1) (   2,    3) (   2,    1) (   2,    1) (   2,    1)
          (   2,    3) (   2,    2) (   2,    4) (   2,    2) (   2,    0) (   2,    3) (   2,    2) (   1,    2) (   2,    1) (   2,    1)
          (   2,    5) (   2,    4) (   2,    1) (   2,    2) (   2,    1) (   2,    0) (   2,    0) (   2,    5) (   2,    1) (   2,    2)
          (   2,    2) (   2,    0) (   2,    4) (   2,    1) (   2,    2) (   2,    2) (   2,    1) (   2,    1) (   2,    1) (   2,    1)
          (   2,    2) (   2,    1) (   2,    3) (   2,    2) (   2,    1) (   2,    1) (   2,    2) (   2,    3) (   2,    3) (   2,    2)
          (   2,    0) (   2,    1) (   2,    2) (   1,    0) (   2,    0) (   2,    4) (   2,    2) (   2,    1) (   2,    2) (   2,    1)
          (   2,    2) (   2,    0) (   2,    4) (   1,    1) (   2,    1) (   2,    3) (   2,    3) (   2,    5) (   2,    2) (   2,    3)
          (   2,    2) (   2,    2) (   2,    1) (   2,    1) (   2,    3) (   2,    0) (   2,    1) (   2,    4) (   2,    0) (   2,    3)
          (   2,    0) (   2,    3) (   2,    2) (   2,    1) (   2,    3) (   1,    2) (   2,    2) (   2,    1) (   2,    3) (   2,    0)
          (   2,    4) (   2,    3) (   2,    2) (   2,    0) (   2,    2) (   2,    1) (   2,    2) (   2,    2) (   1,    4) (   2,    3)
          (   1,    0) (   2,    0) (   1,    2) (   2,    2) (   2,    1) (   2,    2) (   2,    1) (   2,    3) (   2,    3) (   2,    4)
          (   2,    2) (   2,    1) (   2,    0) (   1,    0) (   2,    4) (   2,    3) (   2,    0) (   1,    1) (   2,    0) (   2,    3)
          (   1,    1) (   2,    0) (   2,    4) (   2,    2) (   2,    2) (   2,    0) (   1,    1) (   2,    1) (   2,    0) (   2,    1)
          (   2,    1) (   2,    1) (   2,    4) (   1,    0) (   2,    1) (   2,    2) (   2,    0) (   2,    1) (   2,    2) (   2,    3)
          (   1,    1) (   1,    1) (   2,    3) (   2,    3) (   2,    2) (   2,    1) (   2,    1) (   2,    1) (   2,    1) (   2,    0)
          (   1,    4) (   2,    1) (   2,    2) (   2,    1) (   2,    2) (   2,    1) (   2,    1) (   2,    2) (   1,    0) (   2,    4)
          (   2,    3) (   2,    1) (   2,    1) (   2,    2) (   2,    4) (   1,    0) (   2,    1) (   2,    1) (   2,    4) (   2,    3)
          (   2,    1) (   2,    1) (   2,    2) (   2,    2) (   2,    1) (   1,    1) (   1,    2) (   2,    3) (   2,    2) (   2,    0)
          (   1,    1) (   2,    2) (   2,    3) (   2,    1) (   2,    4) (   2,    1) (   2,    1) (   2,    1) (   2,    1) (   2,    4)
          (   2,    3) (   2,    0) (   1,    1) (   1,    0) (   1,    1) (   2,    1) (   2,    2) (   2,    3) (   1,    1) (   2,    2)
          (   1,    1) (   2,    2) (   2,    3) (   2,    2) (   2,    3) (   2,    0) (   2,    1) (   2,    1) (   2,    1) (   2,    3)
          (   2,    2) (   2,    0) (   2,    1) (   2,    3) (   1,    3) (   2,    1) (   2,    3) (   1,    1) (   2,    1) (   2,    3)
          (   2,    6) (   2,    1) (   1,    1) (   2,    3) (   2,    3) (   2,    0) (   2,    3) (   1,    1) (   2,    1) (   2,    3)
          (   2,    2) (   2,    1) (   2,    0) (   2,    3) (   2,    1) (   2,    2) (   1,    2) (   2,    4) (   2,    2) (   2,    1)
          (   2,    4) (   2,    1) (   2,    1) (   2,    2) (   2,    3) (   1,    2) (   2,    1) (   2,    3) (   2,    3) (   2,    2)
          (   2,    2) (   2,    2) (   2,    1) (   2,    5) (   2,    2) (   2,    2) (   2,    0) (   2,    1) (   2,    2) (   2,    2)
          (   2,    1) (   2,    5) (   1,    2) (   2,    3) (   2,    1) (   2,    1) (   2,    1) (   2,    1) (   2,    1) (   2,    3)
          (   2,    1) (   2,    3) (   2,    1) (   2,    3) (   2,    3) (   1,    0) (   1,    3) (   2,    2) (   2,    1) (   2,    0)
          (   2,    1) (   2,    2) (   2,    3) (   2,    1) (   2,    3) (   2,    0) (   2,    0) (   2,    2) (   2,    1) (   2,    0)
          (   2,    3) (   2,    0) (   2,    0) (   2,    2) (   2,    0) (   2,    3) (   2,    2) (   2,    3) (   2,    0) (   2,    1)
          (   2,    2) (   2,    2) (   2,    0) (   2,    5) (   2,    2) (   2,    1) (   2,    2) (   2,    2) (   1,    2) (   2,    3)
          (   2,    2) (   2,    3) (   2,    0) (   2,    1) (   2,    2) (   2,    0) (   2,    1) (   1,    2) (   2,    2) (   2,    1)
          (   2,    5) (   2,    0) (   2,    1) (   2,    3) (   2,    2) (   2,    2) (   2,    0) (   2,    1) (   2,    1) (   2,    0)
          (   2,    2) (   2,    1) (   2,    1) (   2,    4) (   2,    2) (   2,    1) (   2,    3) (   2,    0) (   2,    1) (   2,    1)
          (   1,    2) (   2,    2) (   2,    0) (   2,    4) (   2,    0) (   2,    2) (   2,    4) (   2,    2) (   2,    1) (   2,    1)
          (   2,    2) (   2,    2) (   2,    5) (   2,    3) (   2,    3) (   2,    2) (   2,    2) (   2,    2) (   2,    3) (   2,    1)
          (   2,    4) (   1,    3) (   2,    2) (   2,    2) (   2,    0) (   2,    0) (   2,    2) (   2,    2) (   2,    1) (   2,    1)
          (   2,    1) (   2,    1) (   2,    1) (   2,    1) (   2,    0) (   2,    3) (   2,    2) (   2,    3) (   1,    2) (   2,    2)
          (   2,    3) (   2,    2) (   2,    1) (   2,    3) (   2,    2) (   2,    3) (   2,    1) (   2,    2) (   2,    4) (   2,    0)
         
node   2 sent_total   1260  recv_total   1205

node   3  (   1,    0) (   0,    0) (   0,    1) (   2,    2) (   2,    2) (   2,    1) (   1,    1) (   2,    1) (   2,    2) (   1,    1)
          (   2,    2) (   2,    0) (   1,    3) (   2,    1) (   1,    1) (   1,    2) (   2,    1) (   2,    5) (   2,    1) (   2,    0)
          (   2,    2) (   2,    1) (   2,    0) (   2,    0) (   2,    1) (   2,    4) (   2,    1) (   2,    2) (   2,    2) (   2,    4)
          (   2,    1) (   2,    3) (   2,    1) (   2,    3) (   2,    0) (   2,    1) (   2,    3) (   1,    2) (   2,    4) (   2,    1)
          (   2,    1) (   2,    1) (   2,    1) (   1,    3) (   2,    2) (   2,    2) (   2,    2) (   2,    0) (   2,    1) (   1,    1)
          (   2,    2) (   2,    0) (   1,    0) (   2,    2) (   2,    2) (   2,    0) (   1,    2) (   2,    1) (   2,    1) (   2,    2)
          (   2,    2) (   2,    2) (   2,    1) (   2,    1) (   2,    1) (   2,    1) (   2,    1) (   1,    1) (   2,    0) (   2,    1)
          (   2,    0) (   2,    2) (   1,    2) (   2,    1) (   1,    1) (   2,    1) (   2,    1) (   2,    2) (   1,    0) (   2,    0)
          (   2,    0) (   2,    1) (   2,    2) (   2,    2) (   1,    1) (   2,    1) (   2,    2) (   2,    1) (   2,    0) (   2,    1)
          (   2,    0) (   2,    1) (   2,    1) (   1,    1) (   1,    1) (   2,    3) (   2,    1) (   1,    1) (   2,    0) (   2,    1)
          (   2,    3) (   1,    1) (   2,    3) (   2,    1) (   1,    1) (   2,    2) (   2,    0) (   1,    1) (   0,    1) (   1,    2)
          (   2,    1) (   1,    1) (   2,    3) (   2,    3) (   2,    1) (   0,    2) (   2,    0) (   1,    0) (   1,    1) (   1,    1)
          (   2,    2) (   2,    2) (   2,    3) (   1,    2) (   1,    2) (   2,    2) (   2,    1) (   2,    2) (   2,    1) (   0,    2)
          (   2,    1) (   2,    1) (   2,    1) (   1,    0) (   2,    0) (   2,    0) (   1,    3) (   1,    0) (   1,    1) (   1,    0)
          (   2,    0) (   2,    3) (   2,    1) (   1,    0) (   2,    2) (   2,    1) (   2,    2) (   2,    2) (   2,    1) (   2,    4)
          (   1,    2) (   2,    1) (   2,    1) (   2,    2) (   2,    3) (   0,    1) (   2,    0) (   2,    3) (   2,    3) (   2,    0)
          (   2,    5) (   2,    1) (   2,    2) (   0,    2) (   2,    1) (   2,    2) (   2,    1) (   2,    1) (   2,    3) (   1,    0)
          (   2,    1) (   2,    4) (   1,    1) (   1,    2) (   2,    0) (   2,    1) (   2,    2) (   1,    1) (   1,    1) (   2,    2)
          (   2,    2) (   2,    1) (   1,    2) (   1,    0) (   2,    4) (   2,    0) (   1,    3) (   2,    1) (   2,    2) (   2,    2)
          (   2,    3) (   2,    0) (   2,    1) (   2,    1) (   2,    2) (   1,    0) (   2,    1) (   2,    2) (   2,    0) (   2,    1)
          (   1,    2) (   1,    2) (   1,    1) (   1,    0) (   2,    1) (   2,    2) (   2,    2) (   2,    3) (   2,    3) (   2,    1)
          (   2,    1) (   2,    3) (   2,    3) (   2,    3) (   2,    2) (   2,    2) (   2,    4) (   2,    3) (   2,    1) (   2,    3)
          (   1,    2) (   2,    1) (   2,    1) (   2,    1) (   2,    3) (   2,    2) (   0,    2) (   2,    1) (   2,    4) (   2,    1)
          (   2,    3) (   2,    4) (   2,    2) (   2,    1) (   2,    2) (   1,    3) (   2,    2) (   2,    2) (   2,    2) (   2,    1)
          (   2,    3) (   2,    3) (   2,    0) (   2,    2) (   2,    2) (   2,    4) (   2,    2) (   2,    4) (   1,    3) (   1,    5)
          (   2,    3) (   2,    3) (   2,    2) (   2,    1) (   2,    3) (   2,    1) (   2,    2) (   1,    2) (   2,    1) (   2,    2)
          (   1,    3) (   2,    4) (   1,    1) (   1,    1) (   2,    1) (   1,    0) (   2,    2) (   2,    3) (   2,    3) (   2,    2)
          (   2,    1) (   2,    1) (   2,    3) (   2,    1) (   1,    3) (   1,    1) (   1,    1) (   1,    2) (   2,    1) (   1,    3)
          (   2,    1) (   1,    2) (   2,    2) (   2,    1) (   1,    2) (   2,    2) (   1,    4) (   2,    3) (   1,    1) (   2,    4)
          (   2,    2) (   2,    1) (   2,    5) (   1,    3) (   2,    0) (   2,    0) (   2,    4) (   2,    1) (   2,    1) (   2,    3)
          (   2,    0) (   2,    2) (   2,    3) (   1,    1) (   2,    3) (   2,    1) (   2,    1) (   2,    1) (   2,    1) (   2,    3)
          (   2,    1) (   2,    0) (   2,    1) (   2,    4) (   2,    3) (   2,    2) (   1,    2) (   1,    2) (   2,    3) (   1,    3)
          (   2,    2) (   2,    2) (   2,    3) (   2,    1) (   2,    3) (   2,    2) (   2,    2) (   1,    3) (   2,    1) (   2,    1)
          (   2,    1) (   2,    2) (   2,    3) (   2,    3) (   2,    3) (   2,    1) (   2,    3) (   2,    1) (   2,    1) (   2,    2)
          (   2,    2) (   2,    3) (   2,    2) (   2,    3) (   2,    0) (   2,    3) (   2,    2) (   2,    2) (   2,    3) (   2,    3)
          (   2,    1) (   2,    1) (   2,    2) (   2,    1) (   2,    3) (   2,    2) (   2,    1) (   2,    1) (   2,    1) (   2,    2)
          (   2,    1) (   2,    1) (   2,    1) (   2,    3) (   2,    3) (   2,    2) (   2,    1) (   1,    1) (   2,    2) (   2,    5)
          (   2,    3) (   2,    4) (   2,    0) (   2,    3) (   1,    1) (   2,    2) (   1,    2) (   2,    1) (   2,    2) (   2,    1)
          (   2,    2) (   1,    2) (   1,    2) (   2,    3) (   2,    4) (   2,    3) (   2,    3) (   1,    1) (   2,    2) (   2,    3)
          (   2,    1) (   2,    1) (   2,    2) (   1,    0) (   2,    0) (   2,    2) (   2,    2) (   2,    3) (   2,    0) (   2,    2)
          (   2,    1) (   2,    3) (   2,    2) (   2,    1) (   2,    1) (   2,    3) (   2,    1) (   2,    2) (   2,    1) (   2,    0)
          (   2,    5) (   2,    1) (   2,    0) (   2,    1) (   2,    3) (   2,    1) (   2,    3) (   2,    2) (   1,    2) (   2,    1)
          (   2,    2) (   2,    2) (   1,    1) (   2,    1) (   2,    3) (   2,    2) (   2,    2) (   2,    2) (   2,    3) (   2,    3)
          (   2,    1) (   2,    3) (   2,    1) (   2,    4) (   2,    0) (   2,    3) (   2,    2) (   2,    1) (   2,    4) (   2,    3)
          (   2,    3) (   1,    3) (   2,    1) (   2,    0) (   2,    0) (   2,    1) (   1,    2) (   2,    2) (   1,    0) (   2,    3)
          (   2,    1) (   2,    4) (   2,    2) (   2,    2) (   2,    3) (   2,    4) (   2,    4) (   2,    2) (   2,    4) (   2,    2)
          (   2,    1) (   2,    2) (   2,    3) (   2,    1) (   2,    2) (   2,    2) (   2,    1) (   2,    2) (   2,    2) (   2,    0)
          (   2,    2) (   2,    2) (   2,    2) (   2,    4) (   2,    1) (   2,    2) (   2,    0) (   2,    4) (   2,    0) (   2,    2)
          (   1,    3) (   2,    1) (   2,    0) (   2,    4) (   2,    1) (   2,    2) (   2,    2) (   2,    1) (   2,    4) (   2,    1)
          (   2,    1) (   2,    2) (   2,    1) (   2,    3) (   2,    2) (   2,    3) (   2,    2) (   2,    1) (   2,    0) (   2,    3)
          (   2,    2) (   2,    3) (   2,    3) (   2,    4) (   1,    2) (   2,    0) (   2,    3) (   1,    3) (   2,    2) (   1,    2)
          (   2,    3) (   2,    2) (   2,    1) (   2,    2) (   2,    2) (   2,    4) (   1,    2) (   2,    3) (   1,    3) (   2,    0)
          (   2,    2) (   1,    3) (   2,    1) (   2,    1) (   2,    0) (   2,    2) (   2,    3) (   2,    1) (   2,    3) (   2,    0)
          (   2,    1) (   2,    2) (   1,    1) (   2,    3) (   2,    1) (   2,    5) (   2,    2) (   2,    1) (   2,    2) (   2,    1)
          (   2,    0) (   1,    1) (   2,    2) (   2,    3) (   2,    2) (   2,    1) (   2,    3) (   2,    1) (   1,    3) (   2,    3)
          (   2,    2) (   2,    2) (   2,    2) (   1,    1) (   2,    1) (   2,    2) (   2,    1) (   2,    1) (   2,    2) (   2,    0)
          (   2,    1) (   2,    4) (   2,    0) (   2,    1) (   2,    0) (   2,    1) (   1,    2) (   2,    2) (   2,    2) (   1,    3)
          (   2,    3) (   2,    1) (   2,    2) (   2,    2) (   2,    3) (   2,    2) (   1,    2) (   2,    1) (   2,    2) (   2,    1)
          (   2,    1) (   2,    0) (   2,    3) (   2,    1) (   2,    2) (   2,    4) (   2,    2) (   2,    1) (   2,    2) (   2,    5)
          (   2,    3) (   2,    2) (   2,    3) (   1,    1) (   2,    3) (   2,    4) (   2,    4) (   2,    1) (   2,    2) (   2,    3)
          (   2,    1) (   1,    1) (   2,    3) (   2,    1) (   2,    4) (   2,    2) (   2,    2) (   2,    2) (   1,    3) (   2,    3)
          (   2,    3) (   2,    4) (   2,    3) (   1,    2) (   2,    1) (   2,    1) (   2,    3) (   2,    3) (   2,    2) (   2,    0)
          (   2,    3) (   2,    0) (   2,    3) (   2,    1) (   2,    3) (   2,    4) (   2,    2) (   2,    1) (   2,    2) (   2,    2)
          (   2,    1) (   2,    3) (   2,    3) (   2,    0) (   2,    2) (   2,    2) (   2,    3) (   2,    2) (   2,    3) (   2,    6)
          (   2,    3) (   2,    1) (   2,    3) (   1,    0) (   2,    3) (   2,    2) (   2,    0) (   2,    1) (   2,    2) (   2,    2)
          (   2,    1) (   2,    0) (   2,    1) (   2,    2) (   2,    2) (   1,    3) (   2,    1) (   2,    1) (   2,    6) (   2,    3)
          (   2,    1) (   2,    1) (   2,    3) (   2,    4) (   2,    1) (   2,    3) (   2,    2) (   2,    4) (   2,    1) (   2,    4)
          (   1,    1) (   2,    0) (   2,    2) (   2,    2) (   2,    4) (   2,    2) (   1,    0) (   2,    1) (   2,    0) (   2,    0)
          (   2,    3) (   2,    5) (   2,    0) (   2,    4) (   2,    2) (   2,    2) (   1,    2) (   1,    2) (   2,    1) (   1,    2)
          (   2,    0) (   1,    0) (   2,    1) (   2,    2) (   1,    4) (   2,    2) (   1,    2) (   2,    1) (   2,    1) (   2,    1)
         
node   3 sent_total   1271  recv_total   1267

node   4  (   1,    0) (   0,    0) (   2,    2) (   1,    0) (   1,    1) (   1,    1) (   1,    2) (   2,    0) (   2,    1) (   2,    3)
          (   2,    1) (   2,    2) (   2,    3) (   2,    1) (   2,    1) (   1,    4) (   2,    1) (   2,    1) (   2,    3) (   1,    3)
          (   2,    2) (   2,    2) (   2,    2) (   2,    2) (   2,    0) (   1,    3) (   2,    3) (   2,    1) (   2,    1) (   2,    1)
          (   2,    4) (   1,    2) (   2,    2) (   2,    3) (   2,    4) (   2,    1) (   2,    2) (   2,    3) (   1,    0) (   2,    1)
          (   2,    2) (   2,    4) (   2,    1) (   2,    1) (   2,    1) (   1,    1) (   2,    2) (   1,    1) (   2,    4) (   2,    2)
          (   2,    2) (   2,    3) (   2,    2) (   2,    1) (   2,    0) (   2,    3) (   1,    2) (   2,    2) (   2,    2) (   2,    2)
          (   0,    2) (   2,    2) (   2,    3) (   2,    2) (   2,    2) (   1,    5) (   1,    3) (   1,    1) (   1,    3) (   2,    4)
          (   1,    2) (   2,    2) (   2,    1) (   1,    1) (   1,    2) (   1,    1) (   2,    3) (   0,    3) (   1,    0) (   2,    3)
          (   1,    1) (   2,    1) (   1,    5) (   2,    1) (   0,    2) (   2,    3) (   2,    2) (   1,    2) (   2,    2) (   1,    2)
          (   1,    3) (   2,    2) (   2,    2) (   1,    4) (   2,    2) (   2,    2) (   2,    4) (   1,    1) (   1,    2) (   0,    2)
          (   1,    3) (   2,    1) (   2,    0) (   2,    0) (   2,    1) (   2,    0) (   2,    1) (   2,    0) (   1,    1) (   2,    2)
          (   2,    0) (   2,    3) (   2,    0) (   1,    3) (   2,    2) (   2,    1) (   1,    2) (   2,    3) (   2,    2) (   2,    1)
          (   2,    0) (   2,    0) (   2,    0) (   2,    2) (   1,    1) (   2,    0) (   2,    2) (   2,    1) (   2,    0) (   2,    0)
          (   1,    0) (   2,    1) (   1,    0) (   1,    2) (   1,    3) (   2,    1) (   2,    0) (   2,    3) (   1,    1) (   2,    0)
          (   2,    1) (   1,    2) (   1,    1) (   1,    2) (   2,    2) (   2,    2) (   1,    1) (   2,    2) (   2,    1) (   2,    1)
          (   1,    1) (   1,    1) (   1,    3) (   2,    2) (   1,    2) (   2,    2) (   2,    3) (   2,    2) (   2,    1) (   1,    6)
          (   2,    0) (   2,    2) (   2,    3) (   1,    2) (   2,    2) (   2,    0) (   1,    1) (   1,    0) (   2,    3) (   2,    4)
          (   2,    1) (   2,    0) (   2,    3) (   2,    2) (   2,    2) (   2,    1) (   2,    3) (   2,    1) (   2,    1) (   2,    2)
          (   2,    3) (   2,    0) (   1,    3) (   2,    1) (   2,    1) (   1,    3) (   2,    1) (   1,    2) (   1,    2) (   2,    2)
          (   2,    2) (   2,    2) (   1,    3) (   2,    1) (   2,    3) (   2,    2) (   2,    2) (   2,    1) (   1,    0) (   1,    3)
          (   2,    3) (   1,    1) (   2,    3) (   1,    1) (   2,    1) (   2,    4) (   2,    1) (   2,    2) (   2,    0) (   1,    2)
          (   2,    1) (   2,    3) (   1,    1) (   2,    1) (   2,    0) (   1,    1) (   2,    4) (   2,    1) (   2,    2) (   2,    2)
          (   1,    2) (   2,    2) (   1,    3) (   2,    1) (   1,    3) (   2,    1) (   1,    1) (   2,    0) (   1,    1) (   2,    1)
          (   2,    3) (   2,    2) (   2,    2) (   1,    1) (   2,    2) (   2,    2) (   2,    2) (   2,    2) (   1,    0) (   1,    1)
          (   1,    2) (   1,    1) (   2,    0) (   1,    4) (   2,    4) (   2,    3) (   1,    1) (   2,    2) (   1,    1) (   1,    1)
          (   2,    1) (   2,    3) (   1,    2) (   2,    3) (   2,    1) (   2,    1) (   1,    1) (   2,    2) (   1,    4) (   2,    3)
          (   2,    2) (   2,    1) (   2,    3) (   2,    4) (   2,    3) (   2,    2) (   2,    1) (   1,    1) (   2,    2) (   2,    1)
          (   2,    2) (   1,    1) (   1,    1) (   2,    2) (   1,    1) (   1,    3) (   2,    0) (   1,    2) (   2,    1) (   2,    1)
          (   1,    2) (   2,    0) (   2,    4) (   2,    3) (   2,    2) (   2,    0) (   2,    2) (   1,    0) (   1,    1) (   2,    0)
          (   1,    1) (   2,    1) (   1,    0) (   2,    1) (   2,    3) (   2,    3) (   1,    2) (   1,    1) (   2,    0) (   1,    0)
          (   1,    1) (   1,    1) (   2,    3) (   2,    1) (   1,    2) (   2,    3) (   2,    3) (   2,    1) (   2,    2) (   2,    2)
          (   1,    3) (   1,    4) (   2,    2) (   2,    1) (   2,    1) (   2,    0) (   2,    0) (   2,    3) (   2,    1) (   2,    0)
          (   2,    1) (   2,    2) (   1,    2) (   2,    2) (   2,    1) (   2,    3) (   1,    1) (   1,    0) (   2,    3) (   2,    3)
          (   2,    1) (   2,    2) (   2,    1) (   2,    1) (   2,    3) (   2,    2) (   2,    3) (   2,    2) (   2,    3) (   1,    2)
          (   2,    2) (   2,    2) (   2,    2) (   2,    1) (   2,    3) (   2,    0) (   1,    1) (   2,    3) (   2,    1) (   2,    0)
          (   2,    2) (   2,    2) (   2,    1) (   1,    1) (   2,    1) (   2,    2) (   1,    2) (   2,    3) (   2,    2) (   2,    2)
          (   2,    4) (   2,    3) (   2,    3) (   2,    0) (   2,    3) (   2,    1) (   2,    2) (   2,    2) (   2,    1) (   2,    1)
          (   2,    4) (   2,    3) (   2,    2) (   2,    1) (   2,    3) (   2,    0) (   2,    1) (   2,    0) (   2,    1) (   2,    1)
          (   2,    2) (   2,    1) (   2,    3) (   2,    1) (   2,    1) (   2,    4) (   1,    3) (   2,    1) (   2,    2) (   2,    2)
          (   1,    5) (   2,    2) (   1,    2) (   2,    2) (   2,    1) (   2,    2) (   2,    1) (   2,    3) (   1,    2) (   2,    3)
          (   2,    0) (   2,    2) (   1,    0) (   2,    6) (   2,    0) (   2,    3) (   2,    3) (   2,    1) (   2,    1) (   2,    1)
          (   2,    2) (   1,    0) (   2,    2) (   2,    2) (   2,    1) (   2,    3) (   2,    3) (   2,    1) (   2,    1) (   2,    0)
          (   1,    2) (   1,    1) (   2,    4) (   2,    4) (   2,    0) (   1,    1) (   2,    3) (   2,    2) (   2,    2) (   2,    2)
          (   1,    2) (   2,    2) (   2,    1) (   1,    1) (   2,    2) (   2,    1) (   2,    2) (   2,    2) (   2,    3) (   2,    0)
          (   2,    1) (   2,    2) (   2,    2) (   2,    4) (   2,    2) (   2,    2) (   2,    4) (   2,    1) (   2,    5) (   2,    0)
          (   2,    1) (   2,    1) (   2,    0) (   2,    1) (   2,    2) (   2,    1) (   2,    2) (   2,    3) (   2,    2) (   1,    2)
          (   1,    1) (   2,    1) (   2,    1) (   2,    4) (   2,    2) (   2,    2) (   2,    4) (   2,    3) (   2,    2) (   2,    1)
          (   2,    1) (   2,    1) (   2,    2) (   2,    0) (   2,    2) (   1,    3) (   2,    2) (   2,    2) (   2,    3) (   2,    4)
          (   2,    2) (   2,    2) (   1,    4) (   2,    1) (   2,    4) (   2,    4) (   2,    1) (   2,    2) (   1,    1) (   2,    2)
          (   2,    2) (   2,    1) (   1,    2) (   2,    1) (   2,    1) (   2,    3) (   2,    1) (   2,    0) (   2,    5) (   2,    1)
          (   2,    1) (   2,    2) (   2,    2) (   2,    3) (   2,    2) (   1,    4) (   2,    2) (   2,    1) (   2,    1) (   2,    3)
          (   1,    1) (   1,    1) (   2,    0) (   2,    1) (   1,    1) (   2,    2) (   1,    3) (   2,    1) (   2,    2) (   2,    2)
          (   2,    2) (   1,    2) (   2,    3) (   2,    1) (   2,    2) (   2,    2) (   2,    1) (   2,    4) (   2,    2) (   2,    2)
          (   2,    1) (   2,    2) (   2,    2) (   2,    0) (   2,    3) (   2,    1) (   2,    1) (   2,    3) (   2,    3) (   2,    2)
          (   2,    3) (   2,    2) (   2,    1) (   1,    1) (   1,    3) (   2,    0) (   2,    1) (   2,    1) (   1,    2) (   1,    2)
          (   2,    1) (   2,    1) (   2,    2) (   2,    5) (   2,    1) (   2,    3) (   2,    4) (   2,    1) (   2,    1) (   2,    4)
          (   2,    1) (   2,    1) (   2,    6) (   2,    2) (   2,    1) (   2,    2) (   2,    2) (   2,    2) (   2,    4) (   2,    2)
          (   2,    2) (   2,    0) (   2,    3) (   2,    2) (   2,    2) (   1,    2) (   2,    4) (   2,    4) (   2,    3) (   1,    1)
          (   2,    4) (   2,    4) (   2,    2) (   2,    1) (   2,    1) (   2,    1) (   2,    2) (   1,    2) (   2,    3) (   1,    2)
          (   2,    2) (   2,    1) (   2,    0) (   2,    4) (   2,    1) (   2,    2) (   2,    3) (   2,    1) (   2,    2) (   1,    3)
          (   2,    0) (   2,    5) (   2,    3) (   2,    1) (   2,    2) (   2,    2) (   2,    1) (   2,    1) (   2,    3) (   2,    1)
          (   2,    1) (   2,    2) (   2,    1) (   2,    0) (   2,    2) (   2,    3) (   2,    0) (   2,    1) (   2,    2) (   2,    2)
          (   2,    2) (   2,    3) (   2,    0) (   2,    3) (   1,    1) (   2,    1) (   2,    0) (   2,    3) (   2,    3) (   1,    3)
          (   1,    1) (   2,    3) (   2,    1) (   1,    1) (   1,    2) (   2,    4) (   2,    2) (   2,    2) (   2,    2) (   1,    1)
          (   2,    2) (   2,    3) (   2,    4) (   2,    1) (   2,    2) (   2,    3) (   2,    3) (   2,    4) (   2,    2) (   2,    3)
          (   2,    2) (   2,    3) (   2,    3) (   2,    2) (   2,    2) (   2,    2) (   2,    0) (   1,    2) (   2,    0) (   2,    4)
          (   2,    1) (   2,    3) (   2,    0) (   2,    1) (   2,    3) (   2,    2) (   2,    1) (   2,    1) (   2,    2) (   2,    0)
          (   2,    2) (   2,    2) (   2,    1) (   2,    2) (   2,    0) (   2,    5) (   1,    3) (   2,    3) (   2,    5) (   2,    1)
          (   2,    3) (   2,    1) (   2,    3) (   2,    1) (   2,    3) (   2,    2) (   2,    2) (   2,    2) (   2,    3) (   2,    0)
          (   2,    0) (   2,    4) (   2,    3) (   2,    2) (   2,    0) (   2,    1) (   1,    3) (   2,    2) (   1,    0) (   2,    6)
         
node   4 sent_total   1241  recv_total   1283

node   5  (   0,    0) (   1,    0) (   0,    0) (   2,    2) (   2,    0) (   2,    0) (   2,    0) (   2,    2) (   2,    1) (   2,    1)
          (   1,    2) (   2,    2) (   2,    1) (   1,    2) (   2,    2) (   2,    1) (   2,    1) (   2,    0) (   2,    0) (   2,    2)
          (   2,    2) (   2,    2) (   2,    3) (   2,    3) (   2,    0) (   2,    0) (   1,    1) (   2,    0) (   2,    2) (   2,    4)
          (   2,    1) (   2,    2) (   2,    2) (   2,    2) (   2,    1) (   2,    2) (   2,    0) (   2,    1) (   2,    0) (   2,    1)
          (   2,    3) (   2,    0) (   2,    2) (   2,    3) (   1,    2) (   2,    2) (   2,    3) (   2,    2) (   2,    1) (   2,    2)
          (   1,    2) (   2,    2) (   2,    2) (   2,    0) (   2,    1) (   1,    2) (   1,    0) (   2,    1) (   2,    1) (   1,    1)
          (   1,    1) (   1,    1) (   2,    0) (   1,    4) (   2,    1) (   2,    0) (   2,    0) (   1,    3) (   1,    2) (   2,    1)
          (   2,    2) (   2,    2) (   2,    2) (   2,    1) (   1,    4) (   1,    2) (   2,    0) (   2,    1) (   2,    4) (   1,    2)
          (   2,    1) (   2,    4) (   2,    2) (   2,    1) (   2,    1) (   2,    0) (   2,    3) (   2,    1) (   2,    3) (   1,    2)
          (   2,    3) (   2,    1) (   2,    4) (   2,    0) (   2,    1) (   2,    1) (   2,    2) (   2,    1) (   1,    0) (   2,    4)
          (   2,    0) (   1,    2) (   1,    1) (   1,    2) (   1,    0) (   2,    1) (   1,    1) (   2,    1) (   2,    2) (   2,    0)
          (   1,    2) (   2,    0) (   2,    0) (   2,    2) (   1,    1) (   1,    1) (   2,    1) (   1,    1) (   1,    0) (   1,    0)
          (   2,    1) (   2,    2) (   2,    3) (   2,    1) (   2,    1) (   2,    1) (   1,    2) (   1,    1) (   2,    4) (   1,    2)
          (   1,    0) (   2,    1) (   1,    3) (   2,    4) (   2,    2) (   1,    3) (   1,    2) (   1,    0) (   2,    1) (   1,    1)
          (   1,    3) (   1,    0) (   2,    0) (   1,    2) (   1,    1) (   0,    0) (   2,    2) (   2,    2) (   1,    1) (   2,    1)
          (   1,    2) (   2,    0) (   2,    2) (   2,    3) (   2,    2) (   2,    1) (   1,    1) (   1,    2) (   2,    1) (   2,    2)
          (   2,    0) (   2,    3) (   2,    1) (   1,    2) (   2,    5) (   1,    3) (   2,    2) (   2,    1) (   2,    2) (   2,    3)
          (   2,    2) (   2,    2) (   2,    1) (   2,    3) (   2,    4) (   2,    0) (   1,    2) (   1,    3) (   2,    2) (   2,    1)
          (   2,    1) (   2,    3) (   2,    2) (   2,    0) (   1,    2) (   2,    2) (   2,    0) (   2,    3) (   2,    2) (   2,    3)
          (   2,    2) (   2,    0) (   0,    4) (   2,    1) (   1,    2) (   2,    1) (   2,    1) (   1,    0) (   1,    2) (   2,    3)
          (   2,    4) (   2,    0) (   2,    4) (   2,    1) (   2,    2) (   2,    2) (   2,    2) (   2,    0) (   1,    2) (   2,    4)
          (   1,    1) (   2,    0) (   1,    2) (   2,    1) (   2,    1) (   2,    3) (   2,    0) (   1,    2) (   2,    2) (   2,    2)
          (   1,    2) (   2,    0) (   1,    3) (   2,    1) (   1,    3) (   2,    2) (   1,    2) (   2,    1) (   2,    1) (   1,    2)
          (   2,    3) (   2,    2) (   1,    1) (   1,    3) (   2,    1) (   2,    1) (   2,    1) (   2,    2) (   1,    1) (   1,    1)
          (   2,    1) (   1,    2) (   2,    2) (   1,    1) (   2,    2) (   1,    3) (   2,    2) (   2,    0) (   2,    2) (   2,    3)
          (   2,    1) (   2,    3) (   2,    2) (   2,    4) (   1,    1) (   2,    3) (   2,    2) (   2,    0) (   2,    2) (   1,    4)
          (   2,    1) (   2,    0) (   2,    2) (   2,    2) (   1,    4) (   2,    3) (   2,    0) (   2,    3) (   2,    0) (   2,    2)
          (   2,    1) (   1,    4) (   2,    1) (   2,    2) (   1,    2) (   2,    2) (   2,    1) (   2,    3) (   1,    2) (   1,    1)
          (   2,    2) (   2,    0) (   2,    4) (   2,    4) (   2,    0) (   2,    2) (   2,    1) (   2,    1) (   2,    1) (   2,    1)
          (   2,    1) (   2,    3) (   2,    2) (   1,    2) (   2,    2) (   2,    1) (   2,    2) (   1,    4) (   2,    1) (   1,    0)
          (   1,    0) (   2,    0) (   2,    0) (   2,    4) (   2,    3) (   2,    2) (   2,    1) (   2,    2) (   2,    3) (   2,    3)
          (   2,    1) (   2,    2) (   2,    1) (   1,    2) (   2,    0) (   2,    2) (   2,    2) (   2,    2) (   2,    2) (   1,    1)
          (   2,    1) (   2,    1) (   1,    0) (   2,    3) (   2,    3) (   2,    0) (   2,    1) (   2,    0) (   2,    2) (   2,    3)
          (   2,    1) (   1,    0) (   1,    3) (   2,    2) (   1,    3) (   2,    3) (   2,    5) (   2,    0) (   2,    4) (   1,    2)
          (   2,    1) (   2,    4) (   2,    1) (   2,    1) (   2,    2) (   1,    2) (   2,    1) (   2,    1) (   2,    2) (   2,    3)
          (   2,    1) (   2,    1) (   2,    2) (   2,    3) (   2,    2) (   2,    2) (   2,    2) (   2,    2) (   2,    2) (   2,    1)
          (   2,    3) (   2,    2) (   2,    2) (   2,    2) (   2,    2) (   2,    0) (   2,    4) (   2,    2) (   2,    2) (   2,    1)
          (   2,    1) (   2,    1) (   2,    1) (   1,    3) (   2,    2) (   2,    1) (   2,    3) (   1,    1) (   2,    3) (   2,    1)
          (   2,    4) (   2,    1) (   2,    4) (   2,    2) (   2,    2) (   2,    2) (   2,    1) (   2,    1) (   2,    4) (   2,    0)
          (   2,    1) (   2,    2) (   1,    2) (   2,    5) (   2,    1) (   2,    1) (   2,    3) (   2,    2) (   2,    3) (   1,    4)
          (   1,    2) (   2,    1) (   2,    2) (   2,    2) (   2,    1) (   2,    2) (   2,    4) (   1,    2) (   1,    3) (   2,    1)
          (   1,    2) (   2,    3) (   2,    2) (   1,    1) (   2,    2) (   2,    2) (   2,    2) (   2,    2) (   2,    3) (   2,    1)
          (   2,    2) (   2,    2) (   2,    1) (   2,    3) (   1,    1) (   2,    2) (   2,    2) (   2,    2) (   2,    2) (   2,    2)
          (   2,    1) (   2,    0) (   2,    4) (   2,    2) (   2,    3) (   1,    3) (   2,    2) (   2,    2) (   2,    1) (   2,    2)
          (   2,    4) (   2,    1) (   2,    0) (   2,    1) (   2,    3) (   2,    3) (   2,    1) (   2,    3) (   2,    4) (   2,    1)
          (   2,    3) (   2,    2) (   2,    1) (   2,    1) (   2,    0) (   1,    1) (   2,    0) (   2,    1) (   1,    1) (   2,    5)
          (   2,    0) (   2,    3) (   2,    2) (   2,    2) (   2,    0) (   2,    5) (   2,    1) (   2,    2) (   2,    2) (   2,    1)
          (   2,    2) (   2,    3) (   2,    3) (   2,    1) (   2,    1) (   2,    1) (   2,    3) (   2,    2) (   2,    1) (   2,    2)
          (   2,    2) (   2,    3) (   2,    3) (   2,    1) (   2,    2) (   2,    3) (   2,    0) (   2,    2) (   2,    1) (   2,    2)
          (   2,    3) (   2,    2) (   2,    2) (   2,    1) (   2,    2) (   1,    1) (   2,    4) (   2,    4) (   2,    1) (   2,    1)
          (   2,    2) (   2,    3) (   2,    2) (   2,    2) (   1,    1) (   2,    3) (   2,    1) (   2,    0) (   2,    0) (   2,    1)
          (   1,    1) (   2,    2) (   1,    2) (   2,    2) (   2,    2) (   2,    1) (   2,    5) (   2,    0) (   2,    3) (   2,    1)
          (   2,    1) (   1,    4) (   2,    1) (   1,    3) (   2,    3) (   2,    1) (   2,    1) (   2,    4) (   2,    2) (   2,    3)
          (   2,    0) (   2,    2) (   2,    3) (   2,    1) (   2,    2) (   2,    1) (   2,    1) (   2,    2) (   2,    1) (   2,    3)
          (   2,    3) (   2,    2) (   2,    1) (   2,    2) (   1,    1) (   2,    1) (   2,    1) (   2,    1) (   2,    0) (   2,    2)
          (   2,    1) (   2,    5) (   2,    2) (   2,    1) (   2,    3) (   2,    4) (   2,    1) (   2,    2) (   2,    3) (   1,    2)
          (   2,    1) (   2,    2) (   2,    4) (   2,    0) (   2,    4) (   2,    0) (   2,    2) (   2,    3) (   2,    2) (   2,    3)
          (   2,    4) (   2,    2) (   2,    1) (   2,    1) (   2,    3) (   2,    2) (   2,    1) (   2,    2) (   2,    4) (   2,    4)
          (   2,    2) (   2,    2) (   2,    3) (   2,    0) (   2,    3) (   1,    2) (   2,    1) (   2,    1) (   2,    2) (   2,    2)
          (   2,    1) (   2,    1) (   2,    0) (   2,    3) (   2,    1) (   1,    2) (   2,    2) (   2,    3) (   2,    2) (   2,    2)
          (   2,    2) (   2,    1) (   1,    0) (   2,    0) (   2,    1) (   2,    2) (   2,    0) (   2,    2) (   2,    1) (   2,    1)
          (   2,    0) (   2,    1) (   2,    5) (   2,    0) (   2,    2) (   2,    2) (   2,    3) (   2,    1) (   1,    1) (   2,    2)
          (   2,    1) (   2,    4) (   1,    3) (   2,    4) (   2,    1) (   2,    2) (   2,    3) (   2,    0) (   2,    1) (   2,    4)
          (   2,    1) (   2,    4) (   2,    1) (   2,    3) (   2,    1) (   2,    1) (   2,    3) (   2,    4) (   2,    2) (   2,    1)
          (   2,    1) (   2,    4) (   2,    2) (   2,    2) (   2,    1) (   2,    4) (   2,    2) (   2,    5) (   2,    2) (   2,    1)
          (   2,    2) (   1,    3) (   2,    4) (   2,    0) (   2,    2) (   2,    2) (   2,    0) (   2,    2) (   2,    1) (   1,    2)
          (   2,    1) (   2,    2) (   2,    1) (   1,    2) (   2,    2) (   2,    1) (   2,    3) (   2,    2) (   1,    3) (   2,    3)
          (   1,    2) (   2,    2) (   2,    3) (   1,    3) (   2,    2) (   1,    0) (   2,    3) (   2,    1) (   2,    2) (   2,    4)
          (   2,    2) (   2,    2) (   2,    5) (   1,    1) (   1,    4) (   2,    1) (   2,    3) (   2,    2) (   2,    4) (   2,    2)
          (   2,    0) (   2,    1) (   2,    4) (   2,    2) (   2,    1) (   2,    1) (   2,    3) (   2,    0) (   2,    3) (   2,    2)
         
node   5 sent_total   1267  recv_total   1252

node   6  (   0,    0) (   1,    0) (   0,    0) (   0,    1) (   2,    1) (   2,    2) (   2,    1) (   2,    2) (   2,    3) (   1,    0)
          (   2,    3) (   2,    2) (   2,    0) (   2,    3) (   2,    2) (   2,    2) (   2,    3) (   2,    0) (   2,    0) (   2,    1)
          (   1,    1) (   2,    0) (   2,    3) (   2,    0) (   2,    3) (   2,    0) (   2,    1) (   2,    3) (   1,    2) (   2,    1)
          (   2,    0) (   2,    0) (   2,    2) (   2,    2) (   2,    4) (   2,    0) (   2,    1) (   2,    1) (   2,    2) (   2,    3)
          (   2,    0) (   2,    0) (   2,    4) (   2,    1) (   2,    3) (   1,    3) (   2,    2) (   2,    3) (   2,    2) (   2,    2)
          (   2,    2) (   1,    1) (   2,    1) (   2,    3) (   2,    1) (   1,    0) (   1,    2) (   2,    3) (   1,    2) (   2,    1)
          (   2,    3) (   2,    3) (   1,    2) (   2,    0) (   2,    1) (   2,    1) (   2,    2) (   2,    1) (   2,    5) (   2,    3)
          (   2,    1) (   2,    2) (   2,    1) (   1,    1) (   1,    0) (   2,    4) (   2,    3) (   2,    2) (   2,    3) (   2,    1)
          (   1,    3) (   2,    1) (   1,    2) (   2,    1) (   2,    2) (   2,    2) (   1,    1) (   1,    1) (   2,    3) (   2,    1)
          (   1,    3) (   1,    2) (   2,    3) (   2,    2) (   2,    2) (   1,    1) (   2,    0) (   1,    1) (   2,    3) (   2,    2)
          (   2,    1) (   2,    1) (   2,    2) (   1,    3) (   1,    1) (   2,    3) (   2,    3) (   2,    1) (   2,    1) (   2,    1)
          (   2,    2) (   2,    0) (   2,    0) (   2,    0) (   1,    1) (   1,    2) (   2,    2) (   2,    2) (   2,    2) (   2,    1)
          (   1,    3) (   2,    1) (   2,    1) (   2,    1) (   2,    1) (   1,    4) (   2,    1) (   2,    1) (   0,    1) (   1,    2)
          (   2,    0) (   1,    2) (   1,    1) (   1,    2) (   1,    2) (   1,    1) (   2,    1) (   1,    0) (   2,    3) (   1,    4)
          (   2,    3) (   2,    0) (   2,    2) (   2,    0) (   1,    2) (   2,    3) (   2,    2) (   2,    0) (   2,    2) (   2,    1)
          (   1,    2) (   1,    4) (   1,    2) (   1,    1) (   2,    1) (   1,    1) (   2,    2) (   2,    2) (   2,    4) (   2,    1)
          (   2,    4) (   1,    3) (   2,    2) (   1,    3) (   1,    2) (   1,    1) (   2,    2) (   2,    3) (   2,    1) (   2,    2)
          (   0,    3) (   1,    1) (   2,    1) (   2,    1) (   2,    2) (   1,    4) (   2,    1) (   2,    3) (   2,    1) (   1,    1)
          (   2,    2) (   2,    1) (   2,    3) (   1,    3) (   2,    2) (   2,    1) (   2,    3) (   2,    1) (   1,    2) (   2,    1)
          (   0,    2) (   2,    3) (   1,    3) (   2,    5) (   1,    1) (   2,    1) (   2,    1) (   2,    3) (   2,    3) (   2,    1)
          (   2,    0) (   1,    3) (   1,    2) (   2,    4) (   2,    4) (   1,    1) (   2,    2) (   0,    1) (   2,    0) (   2,    1)
          (   1,    4) (   2,    0) (   2,    1) (   2,    1) (   2,    2) (   0,    3) (   2,    0) (   2,    1) (   1,    2) (   2,    0)
          (   1,    2) (   2,    2) (   2,    1) (   2,    3) (   1,    0) (   2,    2) (   2,    2) (   2,    3) (   2,    1) (   2,    3)
          (   1,    1) (   2,    2) (   2,    1) (   2,    2) (   2,    3) (   1,    2) (   2,    4) (   2,    2) (   1,    3) (   2,    2)
          (   2,    0) (   2,    2) (   2,    4) (   2,    1) (   2,    1) (   2,    1) (   2,    3) (   2,    2) (   1,    3) (   2,    0)
          (   1,    1) (   2,    1) (   2,    3) (   2,    2) (   1,    1) (   1,    1) (   2,    2) (   1,    3) (   2,    1) (   2,    0)
          (   2,    1) (   2,    2) (   2,    0) (   2,    2) (   2,    1) (   1,    2) (   2,    2) (   2,    1) (   1,    1) (   2,    2)
          (   2,    4) (   2,    1) (   2,    4) (   2,    1) (   1,    3) (   1,    3) (   1,    5) (   2,    2) (   2,    2) (   1,    3)
          (   1,    3) (   2,    2) (   2,    1) (   2,    2) (   2,    2) (   2,    2) (   1,    1) (   2,    3) (   2,    3) (   2,    3)
          (   2,    1) (   1,    1) (   2,    1) (   2,    2) (   2,    1) (   2,    5) (   1,    1) (   0,    4) (   1,    4) (   1,    4)
          (   2,    3) (   2,    3) (   1,    3) (   2,    3) (   2,    1) (   2,    2) (   2,    3) (   2,    4) (   2,    2) (   2,    1)
          (   2,    3) (   2,    4) (   1,    4) (   2,    1) (   1,    3) (   2,    5) (   2,    3) (   2,    3) (   1,    2) (   1,    5)
          (   2,    3) (   2,    1) (   2,    1) (   2,    2) (   2,    2) (   1,    2) (   2,    4) (   2,    5) (   2,    3) (   2,    2)
          (   2,    3) (   2,    2) (   2,    1) (   2,    2) (   2,    1) (   2,    4) (   2,    0) (   2,    0) (   2,    2) (   2,    1)
          (   2,    4) (   2,    1) (   2,    3) (   2,    3) (   2,    3) (   1,    3) (   2,    5) (   2,    3) (   2,    3) (   2,    2)
          (   2,    4) (   2,    3) (   2,    2) (   2,    2) (   2,    2) (   2,    2) (   2,    2) (   2,    4) (   2,    1) (   1,    3)
          (   2,    2) (   2,    4) (   1,    2) (   2,    4) (   2,    1) (   2,    2) (   2,    0) (   2,    3) (   2,    4) (   2,    1)
          (   2,    0) (   2,    1) (   2,    2) (   2,    3) (   1,    3) (   2,    3) (   2,    1) (   2,    3) (   2,    3) (   1,    2)
          (   2,    2) (   2,    4) (   2,    1) (   1,    3) (   2,    2) (   2,    1) (   2,    3) (   2,    3) (   2,    3) (   2,    2)
          (   2,    2) (   2,    3) (   1,    2) (   2,    4) (   2,    4) (   2,    2) (   2,    2) (   1,    1) (   1,    1) (   2,    2)
          (   2,    3) (   2,    2) (   2,    3) (   2,    2) (   2,    4) (   2,    1) (   2,    1) (   2,    4) (   2,    2) (   2,    4)
          (   2,    1) (   2,    4) (   2,    3) (   2,    2) (   1,    1) (   1,    1) (   2,    2) (   2,    0) (   2,    2) (   2,    4)
          (   1,    1) (   2,    2) (   2,    4) (   2,    3) (   2,    1) (   2,    2) (   2,    2) (   2,    3) (   1,    2) (   2,    1)
          (   2,    5) (   2,    4) (   1,    1) (   2,    0) (   2,    3) (   2,    2) (   1,    1) (   2,    3) (   2,    1) (   2,    3)
          (   2,    1) (   2,    2) (   2,    2) (   2,    4) (   2,    4) (   2,    2) (   2,    3) (   2,    4) (   2,    2) (   2,    2)
          (   2,    2) (   2,    3) (   2,    4) (   2,    4) (   2,    3) (   2,    2) (   2,    2) (   1,    2) (   2,    1) (   2,    2)
          (   2,    4) (   2,    4) (   2,    0) (   2,    4) (   2,    5) (   2,    1) (   2,    2) (   2,    1) (   2,    4) (   2,    4)
          (   2,    2) (   2,    4) (   2,    3) (   2,    3) (   2,    4) (   2,    3) (   2,    3) (   2,    2) (   2,    1) (   2,    1)
          (   2,    2) (   2,    4) (   2,    2) (   2,    3) (   2,    2) (   2,    1) (   2,    3) (   2,    3) (   2,    1) (   2,    3)
          (   2,    2) (   2,    3) (   2,    3) (   2,    3) (   1,    0) (   2,    1) (   2,    3) (   2,    4) (   2,    2) (   2,    1)
          (   2,    3) (   2,    2) (   2,    1) (   2,    2) (   2,    2) (   2,    4) (   2,    2) (   2,    2) (   2,    5) (   2,    1)
          (   2,    3) (   2,    4) (   2,    3) (   2,    2) (   2,    3) (   2,    3) (   2,    1) (   2,    5) (   2,    1) (   2,    4)
          (   2,    3) (   2,    1) (   2,    4) (   2,    1) (   2,    4) (   2,    4) (   2,    1) (   2,    2) (   2,    3) (   2,    2)
          (   2,    2) (   2,    3) (   2,    1) (   2,    2) (   2,    2) (   2,    1) (   2,    2) (   2,    4) (   2,    3) (   2,    2)
          (   2,    3) (   1,    4) (   2,    5) (   2,    1) (   2,    2) (   2,    6) (   2,    3) (   2,    4) (   2,    3) (   2,    2)
          (   1,    2) (   1,    2) (   2,    3) (   2,    2) (   2,    3) (   2,    1) (   1,    3) (   2,    3) (   2,    2) (   2,    2)
          (   2,    3) (   1,    1) (   2,    1) (   2,    2) (   2,    4) (   2,    3) (   2,    3) (   2,    2) (   2,    1) (   2,    2)
          (   2,    1) (   2,    0) (   2,    1) (   2,    1) (   2,    0) (   2,    2) (   2,    2) (   2,    2) (   2,    1) (   2,    1)
          (   2,    1) (   2,    2) (   2,    2) (   2,    4) (   2,    1) (   2,    2) (   2,    4) (   2,    3) (   2,    2) (   2,    1)
          (   2,    3) (   2,    4) (   2,    4) (   2,    2) (   1,    2) (   2,    2) (   2,    1) (   2,    2) (   2,    2) (   2,    0)
          (   2,    2) (   2,    2) (   2,    3) (   2,    4) (   2,    1) (   2,    0) (   2,    3) (   2,    0) (   2,    2) (   2,    4)
          (   2,    3) (   1,    1) (   2,    1) (   2,    4) (   2,    3) (   1,    5) (   2,    2) (   2,    3) (   2,    1) (   2,    3)
          (   2,    3) (   2,    3) (   2,    3) (   2,    2) (   2,    2) (   2,    2) (   2,    3) (   2,    3) (   2,    2) (   2,    2)
          (   2,    2) (   2,    2) (   2,    3) (   2,    2) (   2,    3) (   2,    2) (   1,    1) (   2,    1) (   2,    1) (   2,    1)
          (   2,    3) (   2,    2) (   2,    1) (   2,    2) (   2,    3) (   2,    0) (   2,    3) (   2,    1) (   2,    2) (   2,    2)
          (   2,    4) (   2,    2) (   2,    3) (   2,    2) (   2,    3) (   2,    3) (   2,    4) (   2,    2) (   2,    1) (   2,    0)
          (   2,    4) (   2,    3) (   2,    1) (   2,    2) (   2,    2) (   2,    1) (   2,    2) (   2,    1) (   2,    2) (   2,    1)
          (   2,    1) (   2,    3) (   2,    2) (   2,    2) (   2,    2) (   2,    2) (   2,    2) (   2,    4) (   2,    3) (   2,    4)
          (   2,    1) (   1,    0) (   2,    2) (   2,    3) (   2,    2) (   2,    3) (   2,    1) (   1,    3) (   2,    1) (   2,    3)
          (   2,    6) (   2,    2) (   1,    2) (   2,    3) (   2,    1) (   2,    2) (   2,    0) (   2,    4) (   2,    2) (   2,    1)
         
node   6 sent_total   1269  recv_total   1477

node   7  (   0,    0) (   1,    0) (   0,    0) (   0,    1) (   0,    0) (   2,    2) (   2,    2) (   2,    0) (   2,    1) (   2,    3)
          (   2,    2) (   2,    0) (   2,    1) (   2,    1) (   2,    4) (   2,    0) (   2,    3) (   2,    3) (   2,    1) (   1,    3)
          (   1,    2) (   2,    3) (   2,    2) (   2,    3) (   2,    2) (   2,    1) (   1,    3) (   2,    2) (   2,    3) (   2,    0)
          (   2,    2) (   2,    1) (   2,    3) (   2,    0) (   2,    2) (   2,    2) (   2,    2) (   1,    2) (   2,    3) (   2,    2)
          (   2,    1) (   2,    3) (   2,    3) (   2,    0) (   2,    2) (   2,    1) (   2,    0) (   2,    4) (   2,    0) (   1,    0)
          (   2,    2) (   2,    1) (   1,    1) (   2,    0) (   2,    1) (   2,    2) (   2,    2) (   1,    1) (   1,    3) (   1,    1)
          (   2,    2) (   2,    1) (   2,    1) (   2,    2) (   1,    3) (   2,    1) (   2,    1) (   2,    4) (   2,    1) (   2,    0)
          (   1,    2) (   2,    1) (   0,    1) (   2,    3) (   2,    2) (   1,    0) (   1,    1) (   2,    1) (   2,    3) (   2,    2)
          (   0,    1) (   2,    2) (   2,    0) (   1,    2) (   2,    2) (   2,    1) (   2,    0) (   2,    1) (   1,    2) (   2,    0)
          (   2,    1) (   2,    2) (   2,    1) (   2,    0) (   2,    1) (   2,    0) (   1,    1) (   1,    1) (   2,    1) (   2,    0)
          (   1,    1) (   1,    3) (   2,    0) (   2,    3) (   2,    2) (   2,    1) (   2,    1) (   1,    2) (   1,    1) (   0,    1)
          (   1,    0) (   1,    2) (   2,    3) (   2,    1) (   2,    0) (   2,    3) (   2,    2) (   2,    3) (   1,    2) (   1,    3)
          (   1,    4) (   1,    1) (   2,    1) (   1,    2) (   1,    2) (   1,    2) (   1,    1) (   1,    3) (   2,    3) (   1,    1)
          (   1,    0) (   2,    3) (   2,    1) (   2,    0) (   2,    0) (   1,    1) (   2,    1) (   0,    2) (   2,    1) (   2,    2)
          (   2,    0) (   1,    0) (   2,    2) (   1,    3) (   2,    0) (   1,    3) (   1,    1) (   1,    2) (   2,    4) (   2,    2)
          (   2,    3) (   2,    0) (   2,    1) (   2,    2) (   2,    1) (   2,    3) (   2,    3) (   2,    2) (   2,    0) (   2,    0)
          (   2,    2) (   1,    1) (   1,    2) (   2,    1) (   2,    0) (   2,    3) (   2,    0) (   2,    3) (   1,    2) (   2,    1)
          (   1,    2) (   1,    1) (   2,    3) (   2,    3) (   2,    2) (   2,    2) (   2,    2) (   1,    2) (   2,    0) (   2,    3)
          (   2,    3) (   2,    3) (   2,    1) (   2,    2) (   2,    1) (   2,    2) (   1,    2) (   2,    1) (   2,    1) (   2,    1)
          (   1,    1) (   2,    2) (   2,    0) (   1,    0) (   2,    2) (   2,    4) (   2,    2) (   2,    3) (   2,    1) (   2,    1)
          (   2,    3) (   2,    2) (   1,    1) (   2,    1) (   2,    0) (   2,    1) (   1,    1) (   1,    4) (   1,    2) (   2,    1)
          (   2,    1) (   2,    2) (   2,    3) (   2,    2) (   2,    5) (   2,    1) (   2,    0) (   1,    2) (   1,    0) (   2,    3)
          (   1,    2) (   2,    0) (   2,    2) (   2,    2) (   2,    1) (   1,    1) (   2,    3) (   1,    3) (   2,    4) (   2,    1)
          (   2,    1) (   2,    0) (   1,    4) (   2,    2) (   2,    1) (   1,    3) (   1,    0) (   2,    2) (   1,    3) (   2,    1)
          (   2,    2) (   2,    2) (   2,    1) (   2,    3) (   2,    1) (   2,    0) (   2,    2) (   2,    1) (   2,    0) (   1,    2)
          (   2,    2) (   2,    1) (   2,    0) (   1,    1) (   2,    2) (   2,    2) (   2,    3) (   0,    4) (   2,    1) (   2,    1)
          (   2,    3) (   1,    2) (   2,    2) (   2,    2) (   2,    1) (   1,    3) (   2,    3) (   2,    1) (   2,    1) (   2,    2)
          (   2,    1) (   2,    3) (   2,    2) (   1,    0) (   1,    1) (   2,    2) (   2,    1) (   1,    1) (   1,    2) (   1,    3)
          (   1,    1) (   2,    3) (   2,    1) (   2,    1) (   2,    3) (   2,    1) (   1,    1) (   2,    2) (   2,    2) (   2,    1)
          (   1,    4) (   2,    3) (   1,    2) (   2,    1) (   1,    2) (   2,    0) (   1,    1) (   2,    0) (   2,    1) (   2,    3)
          (   2,    1) (   2,    1) (   2,    0) (   2,    0) (   2,    1) (   2,    2) (   2,    2) (   2,    2) (   2,    2) (   2,    3)
          (   2,    2) (   2,    1) (   2,    0) (   2,    3) (   2,    3) (   2,    0) (   2,    1) (   2,    0) (   2,    1) (   2,    1)
          (   1,    1) (   2,    3) (   2,    4) (   1,    4) (   2,    2) (   2,    2) (   2,    2) (   2,    3) (   2,    1) (   1,    0)
          (   2,    3) (   2,    2) (   1,    1) (   2,    2) (   2,    1) (   2,    1) (   2,    1) (   2,    6) (   2,    1) (   2,    2)
          (   1,    2) (   2,    0) (   2,    3) (   2,    0) (   2,    1) (   2,    1) (   2,    0) (   2,    1) (   1,    0) (   2,    1)
          (   2,    2) (   2,    2) (   2,    4) (   2,    2) (   2,    2) (   1,    4) (   2,    2) (   2,    2) (   2,    5) (   1,    1)
          (   2,    0) (   2,    2) (   2,    2) (   2,    1) (   2,    0) (   2,    6) (   2,    3) (   2,    1) (   2,    1) (   2,    1)
          (   2,    2) (   2,    2) (   2,    4) (   1,    0) (   2,    1) (   2,    2) (   2,    3) (   2,    4) (   2,    1) (   2,    3)
          (   2,    2) (   2,    1) (   2,    2) (   2,    2) (   1,    1) (   2,    2) (   2,    0) (   2,    2) (   2,    1) (   2,    1)
          (   2,    1) (   2,    2) (   2,    2) (   2,    0) (   2,    2) (   2,    4) (   2,    2) (   2,    2) (   2,    3) (   2,    1)
          (   2,    2) (   2,    2) (   2,    3) (   2,    0) (   2,    2) (   2,    1) (   2,    2) (   2,    2) (   2,    4) (   2,    2)
          (   2,    1) (   2,    1) (   2,    2) (   2,    2) (   2,    2) (   2,    4) (   2,    1) (   2,    4) (   2,    3) (   2,    3)
          (   2,    1) (   2,    1) (   2,    1) (   2,    0) (   2,    4) (   1,    3) (   2,    0) (   2,    2) (   2,    0) (   2,    3)
          (   2,    0) (   2,    0) (   2,    3) (   2,    3) (   2,    1) (   2,    1) (   2,    3) (   2,    2) (   2,    1) (   2,    3)
          (   2,    2) (   2,    1) (   2,    4) (   2,    0) (   2,    1) (   2,    1) (   2,    0) (   2,    0) (   2,    1) (   2,    3)
          (   2,    2) (   2,    0) (   2,    1) (   2,    1) (   2,    2) (   1,    2) (   2,    1) (   2,    1) (   2,    2) (   2,    1)
          (   2,    2) (   1,    0) (   2,    3) (   2,    0) (   2,    0) (   2,    2) (   1,    1) (   1,    2) (   2,    0) (   2,    2)
          (   2,    2) (   2,    0) (   2,    2) (   2,    2) (   2,    2) (   2,    0) (   2,    2) (   2,    1) (   1,    3) (   2,    3)
          (   2,    0) (   2,    0) (   2,    1) (   2,    1) (   2,    1) (   2,    0) (   2,    3) (   2,    3) (   2,    5) (   2,    1)
          (   2,    1) (   2,    1) (   1,    2) (   2,    3) (   2,    4) (   2,    1) (   2,    0) (   2,    0) (   1,    0) (   2,    4)
          (   2,    2) (   2,    1) (   2,    4) (   2,    1) (   2,    2) (   2,    1) (   2,    0) (   2,    3) (   2,    1) (   2,    2)
          (   1,    2) (   2,    1) (   2,    2) (   2,    3) (   1,    2) (   2,    1) (   2,    2) (   2,    1) (   2,    1) (   2,    1)
          (   2,    3) (   2,    2) (   2,    1) (   2,    5) (   1,    2) (   2,    0) (   2,    4) (   2,    0) (   2,    1) (   2,    3)
          (   2,    4) (   2,    1) (   1,    2) (   2,    4) (   2,    2) (   2,    3) (   2,    3) (   2,    1) (   2,    2) (   2,    2)
          (   2,    1) (   2,    0) (   1,    1) (   2,    3) (   2,    1) (   2,    1) (   2,    2) (   2,    1) (   2,    2) (   2,    1)
          (   2,    2) (   1,    0) (   2,    0) (   2,    1) (   2,    2) (   2,    1) (   1,    1) (   1,    2) (   2,    3) (   2,    3)
          (   2,    2) (   2,    3) (   2,    0) (   2,    3) (   2,    1) (   1,    2) (   2,    0) (   2,    2) (   2,    3) (   2,    2)
          (   2,    2) (   2,    5) (   2,    3) (   2,    4) (   2,    2) (   2,    1) (   2,    2) (   2,    1) (   2,    2) (   2,    3)
          (   2,    2) (   2,    1) (   2,    0) (   2,    3) (   2,    2) (   2,    2) (   2,    1) (   2,    2) (   2,    1) (   2,    1)
          (   1,    2) (   2,    2) (   2,    2) (   2,    0) (   2,    4) (   1,    0) (   2,    1) (   1,    3) (   1,    3) (   1,    1)
          (   2,    4) (   2,    0) (   2,    0) (   2,    3) (   2,    1) (   2,    3) (   2,    4) (   2,    4) (   2,    0) (   2,    2)
          (   2,    3) (   1,    3) (   2,    1) (   2,    2) (   2,    3) (   1,    0) (   2,    1) (   2,    2) (   2,    4) (   2,    2)
          (   2,    1) (   2,    0) (   1,    0) (   2,    1) (   2,    3) (   2,    2) (   2,    1) (   2,    2) (   2,    2) (   2,    0)
          (   2,    4) (   2,    1) (   2,    3) (   2,    4) (   2,    2) (   2,    1) (   2,    0) (   2,    2) (   2,    1) (   1,    1)
          (   2,    2) (   2,    1) (   2,    0) (   2,    3) (   2,    2) (   2,    0) (   2,    2) (   2,    0) (   2,    1) (   2,    0)
          (   2,    2) (   2,    2) (   2,    0) (   2,    3) (   1,    0) (   2,    2) (   2,    4) (   1,    3) (   2,    3) (   2,    3)
          (   2,    3) (   1,    1) (   2,    5) (   2,    2) (   2,    1) (   2,    2) (   2,    3) (   2,    1) (   2,    2) (   2,    1)
          (   2,    2) (   2,    3) (   2,    2) (   2,    1) (   2,    2) (   2,    0) (   2,    2) (   2,    1) (   2,    0) (   1,    1)
          (   2,    1) (   2,    0) (   2,    1) (   2,    1) (   2,    1) (   1,    1) (   2,    2) (   2,    2) (   2,    2) (   2,    2)
          (   2,    3) (   2,    3) (   2,    2) (   2,    2) (   2,    2) (   2,    2) (   2,    2) (   1,    1) (   2,    3) (   1,    0)
         
node   7 sent_total   1261  recv_total   1174

node   8  (   0,    0) (   1,    0) (   0,    0) (   0,    1) (   2,    1) (   1,    1) (   2,    3) (   1,    2) (   2,    3) (   2,    3)
          (   2,    1) (   2,    1) (   2,    3) (   1,    4) (   2,    1) (   2,    0) (   2,    1) (   2,    2) (   2,    5) (   2,    2)
          (   2,    0) (   1,    1) (   2,    2) (   2,    3) (   1,    3) (   1,    4) (   2,    1) (   2,    1) (   2,    1) (   1,    2)
          (   1,    3) (   2,    2) (   2,    1) (   1,    2) (   2,    1) (   2,    2) (   2,    4) (   2,    1) (   2,    1) (   2,    2)
          (   1,    3) (   2,    2) (   2,    2) (   2,    3) (   2,    1) (   1,    2) (   2,    3) (   1,    1) (   2,    3) (   2,    2)
          (   2,    2) (   1,    2) (   2,    4) (   1,    3) (   1,    4) (   1,    2) (   2,    2) (   1,    3) (   1,    2) (   2,    2)
          (   2,    2) (   2,    3) (   2,    4) (   1,    2) (   1,    1) (   2,    2) (   2,    1) (   1,    1) (   2,    0) (   1,    2)
          (   2,    1) (   1,    4) (   2,    1) (   1,    2) (   2,    0) (   1,    1) (   2,    1) (   2,    4) (   1,    1) (   1,    1)
          (   2,    1) (   1,    1) (   1,    2) (   2,    2) (   1,    3) (   1,    1) (   2,    2) (   2,    3) (   1,    1) (   1,    1)
          (   1,    0) (   2,    0) (   2,    0) (   2,    4) (   2,    2) (   1,    2) (   2,    0) (   2,    2) (   2,    3) (   2,    2)
          (   2,    2) (   2,    0) (   2,    1) (   2,    0) (   2,    3) (   2,    1) (   0,    3) (   1,    2) (   2,    1) (   2,    1)
          (   1,    3) (   2,    3) (   2,    1) (   2,    1) (   1,    2) (   2,    2) (   1,    2) (   1,    0) (   1,    3) (   2,    1)
          (   2,    0) (   2,    0) (   1,    0) (   2,    2) (   2,    2) (   2,    1) (   1,    1) (   2,    1) (   2,    0) (   2,    4)
          (   1,    1) (   1,    1) (   2,    2) (   1,    1) (   2,    2) (   2,    3) (   2,    1) (   2,    3) (   2,    0) (   1,    1)
          (   2,    1) (   1,    3) (   1,    1) (   1,    0) (   2,    2) (   2,    1) (   1,    3) (   2,    2) (   1,    0) (   1,    2)
          (   1,    0) (   1,    2) (   2,    3) (   2,    0) (   2,    3) (   2,    2) (   2,    1) (   2,    2) (   2,    3) (   2,    2)
          (   2,    2) (   2,    2) (   2,    2) (   2,    1) (   1,    0) (   2,    1) (   2,    1) (   2,    1) (   2,    2) (   2,    0)
          (   2,    1) (   2,    2) (   2,    3) (   2,    1) (   2,    1) (   2,    1) (   2,    3) (   2,    1) (   2,    1) (   2,    2)
          (   1,    1) (   2,    0) (   2,    2) (   2,    0) (   1,    3) (   2,    2) (   1,    3) (   2,    2) (   2,    2) (   0,    1)
          (   2,    2) (   2,    1) (   2,    1) (   2,    2) (   2,    2) (   1,    1) (   2,    3) (   2,    2) (   2,    0) (   2,    2)
          (   1,    1) (   1,    2) (   1,    0) (   1,    0) (   2,    1) (   2,    5) (   1,    2) (   2,    2) (   2,    1) (   2,    0)
          (   2,    1) (   2,    3) (   2,    2) (   2,    1) (   2,    0) (   1,    2) (   2,    4) (   1,    2) (   2,    2) (   2,    0)
          (   1,    2) (   2,    1) (   2,    1) (   2,    1) (   2,    3) (   2,    1) (   1,    1) (   1,    0) (   2,    0) (   2,    1)
          (   2,    3) (   2,    3) (   1,    0) (   2,    1) (   2,    1) (   1,    3) (   1,    1) (   2,    1) (   0,    2) (   1,    2)
          (   2,    0) (   2,    2) (   2,    1) (   2,    2) (   2,    4) (   2,    5) (   1,    1) (   2,    3) (   1,    3) (   2,    2)
          (   2,    3) (   2,    2) (   2,    2) (   2,    1) (   1,    4) (   2,    2) (   1,    2) (   1,    0) (   1,    1) (   2,    2)
          (   2,    3) (   2,    3) (   2,    0) (   2,    1) (   2,    2) (   2,    0) (   1,    2) (   1,    3) (   2,    4) (   1,    3)
          (   2,    0) (   2,    1) (   2,    2) (   2,    3) (   2,    1) (   1,    0) (   2,    0) (   1,    2) (   2,    0) (   2,    1)
          (   2,    1) (   2,    1) (   2,    0) (   2,    2) (   2,    3) (   2,    1) (   2,    4) (   1,    1) (   2,    1) (   2,    1)
          (   1,    3) (   2,    0) (   2,    2) (   2,    1) (   2,    0) (   2,    1) (   2,    3) (   0,    0) (   2,    0) (   1,    1)
          (   1,    0) (   2,    3) (   2,    4) (   2,    1) (   2,    2) (   2,    2) (   2,    1) (   2,    1) (   2,    1) (   2,    2)
          (   2,    2) (   2,    1) (   2,    2) (   2,    1) (   2,    3) (   2,    2) (   1,    1) (   2,    2) (   2,    3) (   2,    2)
          (   2,    3) (   1,    2) (   2,    3) (   2,    0) (   2,    0) (   2,    4) (   2,    2) (   1,    1) (   2,    2) (   2,    2)
          (   2,    0) (   2,    3) (   2,    4) (   2,    1) (   2,    4) (   2,    1) (   2,    1) (   2,    1) (   2,    1) (   2,    4)
          (   2,    2) (   1,    2) (   2,    1) (   2,    4) (   2,    1) (   2,    1) (   2,    2) (   2,    3) (   2,    1) (   2,    2)
          (   2,    1) (   2,    1) (   2,    1) (   2,    2) (   2,    2) (   2,    0) (   2,    2) (   2,    0) (   2,    1) (   2,    3)
          (   2,    2) (   2,    1) (   2,    3) (   2,    1) (   2,    3) (   2,    1) (   2,    0) (   2,    2) (   2,    1) (   2,    5)
          (   2,    4) (   2,    2) (   2,    1) (   2,    3) (   2,    2) (   2,    1) (   2,    1) (   2,    0) (   2,    1) (   2,    1)
          (   2,    0) (   1,    3) (   2,    1) (   2,    2) (   2,    2) (   2,    2) (   2,    4) (   2,    2) (   2,    1) (   1,    3)
          (   2,    3) (   2,    1) (   2,    2) (   1,    0) (   2,    0) (   2,    2) (   2,    1) (   2,    3) (   2,    1) (   2,    2)
          (   2,    1) (   2,    2) (   2,    1) (   2,    4) (   2,    1) (   2,    4) (   2,    1) (   2,    1) (   2,    0) (   2,    1)
          (   2,    3) (   2,    0) (   1,    1) (   2,    1) (   2,    2) (   2,    1) (   2,    2) (   2,    2) (   2,    1) (   2,    1)
          (   2,    3) (   1,    3) (   2,    1) (   2,    2) (   2,    1) (   2,    1) (   2,    2) (   2,    2) (   2,    2) (   2,    3)
          (   2,    2) (   2,    5) (   2,    1) (   2,    4) (   2,    0) (   1,    2) (   2,    1) (   2,    0) (   2,    5) (   2,    1)
          (   2,    1) (   2,    2) (   2,    1) (   2,    3) (   2,    1) (   1,    1) (   2,    2) (   2,    1) (   2,    2) (   2,    2)
          (   2,    2) (   2,    3) (   1,    2) (   1,    2) (   2,    3) (   2,    3) (   1,    3) (   2,    3) (   2,    4) (   2,    0)
          (   2,    1) (   2,    1) (   2,    2) (   1,    2) (   2,    2) (   1,    1) (   2,    3) (   2,    1) (   2,    2) (   2,    0)
          (   2,    3) (   2,    2) (   2,    1) (   2,    2) (   2,    2) (   2,    4) (   2,    0) (   2,    2) (   2,    2) (   1,    1)
          (   2,    4) (   2,    0) (   2,    1) (   2,    1) (   1,    3) (   2,    3) (   2,    3) (   2,    1) (   1,    2) (   1,    2)
          (   1,    2) (   2,    1) (   2,    1) (   2,    1) (   2,    2) (   2,    4) (   2,    1) (   1,    1) (   2,    3) (   2,    0)
          (   2,    0) (   2,    2) (   2,    1) (   2,    4) (   2,    1) (   2,    0) (   2,    4) (   2,    4) (   1,    3) (   2,    4)
          (   2,    1) (   2,    1) (   1,    1) (   2,    1) (   2,    0) (   2,    3) (   1,    1) (   2,    2) (   2,    3) (   2,    0)
          (   2,    2) (   2,    2) (   2,    1) (   2,    0) (   1,    0) (   2,    1) (   1,    2) (   2,    1) (   2,    1) (   2,    0)
          (   2,    2) (   1,    1) (   2,    1) (   2,    1) (   1,    1) (   2,    3) (   2,    3) (   2,    1) (   2,    2) (   2,    1)
          (   1,    0) (   2,    2) (   2,    2) (   1,    1) (   2,    2) (   2,    1) (   2,    2) (   2,    0) (   2,    3) (   2,    3)
          (   2,    2) (   1,    2) (   2,    2) (   2,    3) (   2,    1) (   2,    2) (   2,    3) (   2,    1) (   1,    0) (   2,    1)
          (   2,    2) (   1,    2) (   2,    2) (   2,    3) (   2,    0) (   2,    1) (   2,    3) (   2,    1) (   2,    1) (   2,    1)
          (   2,    1) (   2,    0) (   2,    3) (   2,    2) (   2,    4) (   2,    1) (   2,    3) (   2,    1) (   2,    1) (   2,    0)
          (   2,    3) (   2,    2) (   2,    3) (   2,    1) (   2,    2) (   1,    3) (   2,    2) (   2,    3) (   2,    3) (   2,    4)
          (   2,    2) (   2,    1) (   1,    3) (   2,    0) (   2,    1) (   2,    4) (   2,    4) (   2,    1) (   2,    0) (   2,    3)
          (   2,    0) (   2,    3) (   1,    4) (   2,    1) (   2,    4) (   2,    1) (   2,    0) (   2,    1) (   2,    4) (   2,    1)
          (   2,    2) (   2,    3) (   2,    1) (   2,    2) (   2,    1) (   2,    2) (   2,    1) (   2,    2) (   1,    2) (   2,    0)
          (   2,    3) (   2,    0) (   2,    2) (   2,    1) (   2,    1) (   2,    2) (   2,    2) (   2,    4) (   2,    4) (   2,    3)
          (   2,    1) (   2,    2) (   2,    2) (   1,    0) (   2,    2) (   1,    1) (   2,    3) (   2,    0) (   2,    5) (   2,    5)
          (   1,    1) (   2,    0) (   2,    5) (   2,    0) (   1,    2) (   2,    3) (   2,    1) (   2,    1) (   2,    3) (   2,    2)
          (   2,    1) (   2,    1) (   2,    2) (   2,    4) (   2,    2) (   2,    1) (   2,    1) (   2,    2) (   2,    2) (   2,    2)
          (   2,    1) (   2,    1) (   2,    1) (   2,    3) (   2,    3) (   2,    3) (   2,    1) (   2,    4) (   2,    2) (   2,    1)
          (   2,    1) (   2,    1) (   1,    2) (   2,    1) (   2,    2) (   2,    5) (   2,    2) (   1,    2) (   2,    2) (   2,    0)
          (   2,    4) (   2,    4) (   2,    1) (   2,    2) (   2,    1) (   2,    2) (   2,    2) (   2,    2) (   2,    2) (   2,    2)
          (   2,    0) (   2,    2) (   1,    0) (   2,    1) (   2,    3) (   2,    2) (   2,    2) (   2,    1) (   1,    0) (   2,    3)
         
node   8 sent_total   1250  recv_total   1213

node   9  (   0,    0) (   0,    0) (   1,    0) (   0,    0) (   0,    1) (   0,    0) (   0,    0) (   2,    2) (   1,    1) (   1,    0)
          (   2,    0) (   1,    3) (   2,    4) (   1,    1) (   1,    0) (   2,    3) (   2,    1) (   2,    3) (   2,    3) (   2,    1)
          (   2,    2) (   2,    2) (   2,    1) (   1,    0) (   2,    0) (   2,    2) (   2,    2) (   2,    0) (   1,    3) (   2,    1)
          (   1,    3) (   2,    3) (   2,    3) (   2,    3) (   2,    1) (   2,    2) (   2,    0) (   2,    4) (   2,    2) (   2,    3)
          (   2,    2) (   2,    4) (   1,    1) (   1,    2) (   2,    0) (   2,    1) (   2,    2) (   2,    1) (   2,    2) (   2,    3)
          (   2,    1) (   2,    3) (   2,    3) (   1,    1) (   2,    1) (   2,    2) (   2,    2) (   2,    2) (   1,    0) (   2,    2)
          (   2,    1) (   2,    2) (   2,    2) (   2,    1) (   2,    1) (   2,    2) (   2,    4) (   2,    0) (   2,    1) (   2,    0)
          (   2,    2) (   1,    0) (   2,    3) (   2,    0) (   1,    3) (   2,    2) (   2,    1) (   2,    2) (   1,    0) (   2,    2)
          (   2,    2) (   2,    1) (   2,    2) (   2,    1) (   1,    2) (   2,    1) (   2,    4) (   1,    1) (   2,    1) (   2,    2)
          (   2,    3) (   2,    4) (   2,    2) (   2,    4) (   1,    3) (   2,    3) (   2,    4) (   2,    4) (   2,    2) (   2,    2)
          (   1,    5) (   1,    2) (   1,    3) (   2,    1) (   1,    1) (   1,    2) (   2,    1) (   2,    2) (   2,    2) (   2,    1)
          (   2,    1) (   2,    3) (   1,    4) (   2,    2) (   1,    1) (   2,    0) (   1,    1) (   2,    2) (   2,    1) (   1,    1)
          (   2,    0) (   1,    2) (   2,    3) (   2,    3) (   2,    0) (   2,    1) (   1,    3) (   2,    2) (   2,    1) (   1,    0)
          (   2,    2) (   1,    1) (   1,    0) (   2,    1) (   2,    1) (   1,    1) (   1,    3) (   1,    1) (   2,    2) (   2,    1)
          (   2,    0) (   2,    2) (   2,    0) (   2,    1) (   1,    0) (   2,    0) (   2,    0) (   1,    3) (   1,    0) (   1,    1)
          (   0,    2) (   2,    1) (   1,    0) (   2,    3) (   2,    3) (   2,    2) (   1,    1) (   1,    1) (   0,    1) (   2,    3)
          (   2,    0) (   1,    1) (   2,    1) (   1,    2) (   2,    2) (   2,    3) (   2,    4) (   1,    1) (   2,    0) (   2,    3)
          (   2,    2) (   2,    3) (   2,    0) (   1,    2) (   0,    1) (   2,    1) (   2,    2) (   1,    0) (   1,    1) (   2,    1)
          (   2,    2) (   2,    3) (   2,    1) (   2,    1) (   2,    0) (   2,    0) (   1,    0) (   1,    1) (   1,    1) (   1,    2)
          (   1,    0) (   2,    0) (   2,    2) (   1,    0) (   2,    1) (   2,    1) (   2,    1) (   2,    1) (   2,    3) (   2,    2)
          (   2,    1) (   2,    1) (   2,    0) (   2,    1) (   2,    1) (   2,    0) (   2,    4) (   2,    1) (   2,    3) (   2,    1)
          (   1,    0) (   2,    1) (   1,    1) (   2,    4) (   2,    2) (   1,    2) (   2,    0) (   2,    3) (   1,    3) (   2,    2)
          (   2,    3) (   2,    2) (   1,    4) (   2,    1) (   2,    1) (   1,    2) (   2,    1) (   1,    1) (   0,    0) (   2,    1)
          (   2,    1) (   2,    2) (   2,    2) (   2,    2) (   2,    3) (   2,    0) (   2,    1) (   2,    2) (   1,    0) (   1,    1)
          (   2,    2) (   2,    1) (   2,    2) (   2,    2) (   2,    0) (   2,    1) (   1,    1) (   2,    1) (   2,    3) (   1,    0)
          (   2,    2) (   1,    3) (   2,    1) (   2,    1) (   2,    1) (   2,    2) (   2,    0) (   2,    1) (   1,    2) (   2,    2)
          (   1,    0) (   2,    2) (   2,    6) (   2,    2) (   2,    2) (   2,    1) (   2,    1) (   2,    3) (   2,    1) (   1,    1)
          (   2,    3) (   2,    3) (   1,    0) (   1,    3) (   2,    1) (   2,    0) (   2,    1) (   2,    2) (   2,    1) (   2,    0)
          (   0,    1) (   2,    0) (   2,    5) (   2,    2) (   2,    1) (   2,    4) (   2,    2) (   2,    1) (   2,    2) (   2,    2)
          (   2,    1) (   2,    2) (   2,    3) (   2,    3) (   2,    2) (   2,    2) (   2,    3) (   2,    2) (   2,    2) (   2,    1)
          (   2,    2) (   2,    1) (   2,    2) (   2,    3) (   2,    4) (   2,    2) (   2,    2) (   2,    1) (   2,    2) (   2,    1)
          (   2,    1) (   2,    1) (   2,    2) (   2,    3) (   2,    0) (   2,    1) (   2,    3) (   2,    2) (   2,    2) (   2,    0)
          (   2,    1) (   2,    2) (   2,    0) (   1,    1) (   2,    1) (   2,    1) (   2,    0) (   2,    0) (   2,    0) (   2,    4)
          (   2,    2) (   2,    2) (   2,    2) (   2,    3) (   2,    1) (   1,    1) (   2,    4) (   2,    2) (   2,    3) (   2,    2)
          (   2,    0) (   2,    4) (   2,    0) (   2,    2) (   1,    2) (   2,    3) (   2,    1) (   1,    1) (   2,    4) (   2,    3)
          (   2,    1) (   2,    3) (   2,    1) (   2,    3) (   2,    2) (   2,    1) (   2,    1) (   2,    1) (   2,    0) (   2,    1)
          (   2,    2) (   2,    0) (   2,    1) (   2,    2) (   2,    5) (   1,    0) (   2,    4) (   2,    3) (   2,    1) (   2,    2)
          (   2,    2) (   2,    4) (   2,    1) (   2,    2) (   2,    1) (   2,    2) (   2,    3) (   2,    1) (   2,    3) (   2,    3)
          (   2,    2) (   2,    0) (   2,    1) (   2,    0) (   2,    2) (   2,    1) (   2,    1) (   2,    2) (   2,    1) (   2,    3)
          (   1,    1) (   2,    1) (   2,    1) (   2,    2) (   2,    2) (   2,    0) (   2,    2) (   2,    2) (   2,    3) (   2,    1)
          (   2,    3) (   2,    2) (   2,    1) (   2,    1) (   2,    2) (   2,    2) (   2,    2) (   2,    1) (   2,    2) (   1,    2)
          (   2,    2) (   2,    3) (   2,    3) (   2,    3) (   2,    4) (   2,    1) (   2,    2) (   2,    2) (   2,    2) (   2,    0)
          (   2,    4) (   2,    2) (   2,    1) (   2,    1) (   2,    3) (   2,    2) (   2,    4) (   1,    1) (   2,    3) (   2,    0)
          (   2,    2) (   2,    0) (   2,    3) (   2,    1) (   2,    4) (   2,    2) (   2,    3) (   2,    2) (   2,    1) (   2,    1)
          (   1,    4) (   2,    3) (   2,    2) (   2,    1) (   2,    2) (   1,    4) (   2,    1) (   2,    2) (   2,    0) (   2,    1)
          (   2,    2) (   2,    2) (   2,    2) (   2,    1) (   2,    0) (   2,    2) (   2,    2) (   2,    2) (   1,    1) (   2,    2)
          (   2,    2) (   2,    2) (   2,    2) (   2,    1) (   2,    1) (   2,    2) (   1,    2) (   2,    2) (   2,    1) (   2,    3)
          (   2,    1) (   2,    1) (   2,    1) (   2,    1) (   2,    0) (   2,    2) (   2,    2) (   2,    3) (   2,    3) (   2,    1)
          (   1,    1) (   2,    2) (   1,    3) (   2,    2) (   2,    1) (   2,    3) (   2,    0) (   2,    0) (   2,    0) (   2,    1)
          (   1,    2) (   2,    1) (   2,    2) (   2,    0) (   2,    3) (   2,    2) (   2,    3) (   2,    3) (   2,    3) (   1,    3)
          (   2,    2) (   2,    2) (   2,    1) (   2,    0) (   2,    4) (   2,    1) (   2,    2) (   2,    0) (   2,    0) (   2,    0)
          (   2,    3) (   2,    1) (   2,    3) (   1,    2) (   2,    1) (   2,    0) (   2,    2) (   1,    0) (   2,    2) (   2,    4)
          (   2,    0) (   2,    1) (   2,    2) (   2,    2) (   1,    1) (   2,    0) (   2,    2) (   2,    3) (   2,    3) (   2,    2)
          (   2,    1) (   2,    4) (   2,    4) (   2,    1) (   2,    3) (   2,    0) (   2,    1) (   2,    1) (   2,    1) (   2,    3)
          (   2,    3) (   2,    2) (   2,    0) (   2,    3) (   2,    2) (   2,    1) (   2,    2) (   2,    4) (   2,    1) (   2,    2)
          (   2,    3) (   2,    3) (   2,    1) (   2,    2) (   2,    1) (   2,    3) (   2,    1) (   2,    1) (   2,    2) (   2,    0)
          (   2,    2) (   2,    1) (   2,    2) (   2,    1) (   1,    2) (   2,    2) (   2,    2) (   1,    3) (   2,    1) (   2,    1)
          (   1,    2) (   2,    3) (   1,    1) (   2,    0) (   2,    2) (   2,    5) (   2,    1) (   2,    4) (   2,    3) (   2,    4)
          (   2,    1) (   2,    3) (   2,    3) (   2,    1) (   2,    3) (   2,    1) (   2,    0) (   2,    0) (   2,    2) (   2,    2)
          (   2,    1) (   2,    0) (   1,    0) (   2,    4) (   2,    1) (   2,    1) (   2,    0) (   2,    2) (   2,    1) (   2,    3)
          (   2,    2) (   2,    4) (   2,    2) (   1,    0) (   2,    2) (   2,    5) (   2,    2) (   2,    4) (   2,    3) (   2,    1)
          (   2,    1) (   2,    1) (   2,    3) (   2,    1) (   2,    1) (   1,    0) (   2,    2) (   2,    2) (   2,    1) (   1,    2)
          (   2,    0) (   2,    4) (   2,    4) (   1,    2) (   2,    1) (   2,    1) (   2,    2) (   2,    0) (   2,    0) (   2,    1)
          (   2,    1) (   2,    1) (   2,    0) (   2,    2) (   2,    0) (   2,    4) (   1,    4) (   2,    3) (   2,    1) (   2,    2)
          (   2,    1) (   2,    3) (   2,    2) (   2,    3) (   2,    1) (   2,    4) (   2,    2) (   2,    4) (   2,    3) (   2,    5)
          (   2,    0) (   2,    3) (   2,    2) (   2,    0) (   2,    4) (   2,    0) (   2,    0) (   2,    1) (   2,    2) (   2,    3)
          (   2,    1) (   2,    3) (   2,    1) (   2,    1) (   2,    2) (   2,    3) (   2,    2) (   2,    3) (   1,    1) (   2,    5)
          (   2,    5) (   2,    1) (   2,    2) (   2,    2) (   2,    2) (   2,    2) (   2,    2) (   2,    1) (   2,    2) (   2,    3)
          (   1,    1) (   2,    4) (   1,    2) (   2,    1) (   2,    2) (   2,    2) (   2,    2) (   2,    0) (   2,    1) (   2,    2)
          (   2,    0) (   2,    1) (   2,    2) (   2,    0) (   2,    3) (   2,    3) (   1,    4) (   2,    2) (   2,    2) (   2,    3)
         
node   9 sent_total   1273  recv_total   1199

node  10  (   0,    0) (   0,    0) (   1,    0) (   0,    0) (   0,    1) (   0,    0) (   0,    0) (   2,    1) (   2,    1) (   2,    3)
          (   2,    2) (   2,    4) (   2,    1) (   2,    1) (   2,    1) (   2,    4) (   2,    2) (   2,    2) (   2,    1) (   1,    3)
          (   2,    3) (   2,    2) (   1,    1) (   2,    3) (   2,    1) (   2,    2) (   2,    2) (   2,    3) (   2,    1) (   2,    4)
          (   2,    1) (   1,    2) (   1,    0) (   2,    2) (   1,    1) (   2,    3) (   2,    3) (   2,    2) (   2,    1) (   1,    0)
          (   2,    3) (   2,    0) (   1,    0) (   2,    2) (   2,    3) (   1,    3) (   2,    0) (   2,    1) (   2,    2) (   1,    3)
          (   1,    1) (   2,    2) (   2,    0) (   2,    2) (   1,    1) (   2,    2) (   2,    0) (   2,    1) (   2,    1) (   2,    1)
          (   2,    1) (   1,    0) (   2,    0) (   2,    4) (   1,    2) (   2,    3) (   1,    2) (   1,    2) (   2,    1) (   1,    3)
          (   2,    3) (   2,    2) (   1,    1) (   1,    1) (   1,    1) (   2,    0) (   2,    2) (   1,    1) (   1,    1) (   1,    1)
          (   2,    1) (   2,    2) (   2,    3) (   2,    2) (   2,    1) (   2,    2) (   1,    2) (   2,    3) (   1,    1) (   2,    4)
          (   2,    1) (   1,    0) (   2,    3) (   2,    0) (   2,    1) (   2,    3) (   2,    3) (   2,    2) (   1,    0) (   2,    3)
          (   1,    0) (   0,    0) (   0,    0) (   0,    0) (   0,    0) (   0,    0) (   0,    0) (   0,    0) (   0,    0) (   0,    0)
          (   0,    0) (   0,    0) (   0,    0) (   0,    0) (   0,    0) (   0,    0) (   0,    0) (   0,    0) (   0,    0) (   0,    0)
          (   0,    0) (   0,    0) (   0,    0) (   0,    0) (   0,    0) (   0,    0) (   0,    0) (   0,    0) (   0,    0) (   0,    0)
          (   0,    0) (   0,    0) (   0,    0) (   0,    0) (   0,    0) (   0,    0) (   0,    0) (   0,    0) (   0,    0) (   0,    0)
          (   0,    0) (   0,    0) (   0,    0) (   0,    0) (   0,    0) (   0,    0) (   0,    0) (   0,    0) (   0,    0) (   0,    0)
          (   0,    0) (   0,    0) (   0,    0) (   0,    0) (   0,    0) (   0,    0) (   0,    0) (   0,    0) (   0,    0) (   0,    0)
          (   0,    0) (   0,    0) (   0,    0) (   0,    0) (   0,    0) (   0,    0) (   0,    0) (   0,    0) (   0,    0) (   0,    0)
          (   0,    0) (   0,    0) (   0,    0) (   0,    0) (   0,    0) (   0,    0) (   0,    0) (   0,    0) (   0,    0) (   0,    0)
          (   0,    0) (   0,    0) (   0,    0) (   0,    0) (   0,    0) (   0,    0) (   0,    0) (   0,    0) (   0,    0) (   0,    0)
          (   0,    0) (   0,    0) (   0,    0) (   0,    0) (   0,    0) (   0,    0) (   0,    0) (   0,    0) (   0,    0) (   0,    0)
          (   0,    0) (   0,    0) (   0,    0) (   0,    0) (   0,    0) (   0,    0) (   0,    0) (   0,    0) (   0,    0) (   0,    0)
          (   0,    0) (   0,    0) (   0,    0) (   0,    0) (   0,    0) (   0,    0) (   0,    0) (   0,    0) (   0,    0) (   0,    0)
          (   0,    0) (   0,    0) (   0,    0) (   0,    0) (   0,    0) (   0,    0) (   0,    0) (   0,    0) (   0,    0) (   0,    0)
          (   0,    0) (   0,    0) (   0,    0) (   0,    0) (   0,    0) (   0,    0) (   0,    0) (   0,    0) (   0,    0) (   0,    0)
          (   0,    0) (   0,    0) (   0,    0) (   0,    0) (   0,    0) (   0,    0) (   0,    0) (   0,    0) (   0,    0) (   0,    0)
          (   0,    0) (   0,    0) (   0,    0) (   0,    0) (   0,    0) (   0,    0) (   0,    0) (   0,    0) (   0,    0) (   0,    0)
          (   0,    0) (   0,    0) (   0,    0) (   0,    0) (   0,    0) (   0,    0) (   0,    0) (   0,    0) (   0,    0) (   0,    0)
          (   0,    0) (   0,    0) (   0,    0) (   0,    0) (   0,    0) (   0,    0) (   0,    0) (   0,    0) (   0,    0) (   0,    0)
          (   0,    0) (   0,    0) (   0,    0) (   0,    0) (   0,    0) (   0,    0) (   0,    0) (   0,    0) (   0,    0) (   0,    0)
          (   0,    0) (   0,    0) (   0,    0) (   0,    0) (   0,    0) (   0,    0) (   0,    0) (   0,    0) (   0,    0) (   0,    0)
          (   0,    0) (   0,    0) (   0,    0) (   0,    0) (   0,    0) (   0,    0) (   0,    0) (   0,    0) (   0,    0) (   0,    0)
          (   0,    0) (   0,    0) (   0,    0) (   0,    0) (   0,    0) (   0,    0) (   0,    0) (   0,    0) (   0,    0) (   0,    0)
          (   0,    0) (   0,    0) (   0,    0) (   0,    0) (   0,    0) (   0,    0) (   0,    0) (   0,    0) (   0,    0) (   0,    0)
          (   0,    0) (   0,    0) (   0,    0) (   0,    0) (   0,    0) (   0,    0) (   0,    0) (   0,    0) (   0,    0) (   0,    0)
          (   0,    0) (   0,    0) (   0,    0) (   0,    0) (   0,    0) (   0,    0) (   0,    0) (   0,    0) (   0,    0) (   0,    0)
          (   0,    0) (   0,    0) (   0,    0) (   0,    0) (   0,    0) (   0,    0) (   0,    0) (   0,    0) (   0,    0) (   0,    0)
          (   0,    0) (   0,    0) (   0,    0) (   0,    0) (   0,    0) (   0,    0) (   0,    0) (   0,    0) (   0,    0) (   0,    0)
          (   0,    0) (   0,    0) (   0,    0) (   0,    0) (   0,    0) (   0,    0) (   0,    0) (   0,    0) (   0,    0) (   0,    0)
          (   0,    0) (   0,    0) (   0,    0) (   0,    0) (   0,    0) (   0,    0) (   0,    0) (   0,    0) (   0,    0) (   0,    0)
          (   0,    0) (   0,    0) (   0,    0) (   0,    0) (   0,    0) (   0,    0) (   0,    0) (   0,    0) (   0,    0) (   0,    0)
          (   0,    0) (   0,    0) (   0,    0) (   0,    0) (   0,    0) (   0,    0) (   0,    0) (   0,    0) (   0,    0) (   0,    0)
          (   0,    0) (   0,    0) (   0,    0) (   0,    0) (   0,    0) (   0,    0) (   0,    0) (   0,    0) (   0,    0) (   0,    0)
          (   0,    0) (   0,    0) (   0,    0) (   0,    0) (   0,    0) (   0,    0) (   0,    0) (   0,    0) (   0,    0) (   0,    0)
          (   0,    0) (   0,    0) (   0,    0) (   0,    0) (   0,    0) (   0,    0) (   0,    0) (   0,    0) (   0,    0) (   0,    0)
          (   0,    0) (   0,    0) (   0,    0) (   0,    0) (   0,    0) (   0,    0) (   0,    0) (   0,    0) (   0,    0) (   0,    0)
          (   0,    0) (   0,    0) (   0,    0) (   0,    0) (   0,    0) (   0,    0) (   0,    0) (   0,    0) (   0,    0) (   0,    0)
          (   0,    0) (   0,    0) (   0,    0) (   0,    0) (   0,    0) (   0,    0) (   0,    0) (   0,    0) (   0,    0) (   0,    0)
          (   0,    0) (   0,    0) (   0,    0) (   0,    0) (   0,    0) (   0,    0) (   0,    0) (   0,    0) (   0,    0) (   0,    0)
          (   0,    0) (   0,    0) (   0,    0) (   0,    0) (   0,    0) (   0,    0) (   0,    0) (   0,    0) (   0,    0) (   0,    0)
          (   0,    0) (   0,    0) (   0,    0) (   0,    0) (   0,    0) (   0,    0) (   0,    0) (   0,    0) (   0,    0) (   0,    0)
          (   0,    0) (   0,    0) (   0,    0) (   0,    0) (   0,    0) (   0,    0) (   0,    0) (   0,    0) (   0,    0) (   0,    0)
          (   0,    0) (   0,    0) (   0,    0) (   0,    0) (   0,    0) (   0,    0) (   0,    0) (   0,    0) (   0,    0) (   0,    0)
          (   0,    0) (   0,    0) (   0,    0) (   0,    0) (   0,    0) (   0,    0) (   0,    0) (   0,    0) (   0,    0) (   0,    0)
          (   0,    0) (   0,    0) (   0,    0) (   0,    0) (   0,    0) (   0,    0) (   0,    0) (   0,    0) (   0,    0) (   0,    0)
          (   0,    0) (   0,    0) (   0,    0) (   0,    0) (   0,    0) (   0,    0) (   0,    0) (   0,    0) (   0,    0) (   0,    0)
          (   0,    0) (   0,    0) (   0,    0) (   0,    0) (   0,    0) (   0,    0) (   0,    0) (   0,    0) (   0,    0) (   0,    0)
          (   0,    0) (   0,    0) (   0,    0) (   0,    0) (   0,    0) (   0,    0) (   0,    0) (   0,    0) (   0,    0) (   0,    0)
          (   0,    0) (   0,    0) (   0,    0) (   0,    0) (   0,    0) (   0,    0) (   0,    0) (   0,    0) (   0,    0) (   0,    0)
          (   0,    0) (   0,    0) (   0,    0) (   0,    0) (   0,    0) (   0,    0) (   0,    0) (   0,    0) (   0,    0) (   0,    0)
          (   0,    0) (   0,    0) (   0,    0) (   0,    0) (   0,    0) (   0,    0) (   0,    0) (   0,    0) (   0,    0) (   0,    0)
          (   0,    0) (   0,    0) (   0,    0) (   0,    0) (   0,    0) (   0,    0) (   0,    0) (   0,    0) (   0,    0) (   0,    0)
          (   0,    0) (   0,    0) (   0,    0) (   0,    0) (   0,    0) (   0,    0) (   0,    0) (   0,    0) (   0,    0) (   0,    0)
          (   0,    0) (   0,    0) (   0,    0) (   0,    0) (   0,    0) (   0,    0) (   0,    0) (   0,    0) (   0,    0) (   0,    0)
          (   0,    0) (   0,    0) (   0,    0) (   0,    0) (   0,    0) (   0,    0) (   0,    0) (   0,    0) (   0,    0) (   0,    0)
          (   0,    0) (   0,    0) (   0,    0) (   0,    0) (   0,    0) (   0,    0) (   0,    0) (   0,    0) (   0,    0) (   0,    0)
          (   0,    0) (   0,    0) (   0,    0) (   0,    0) (   0,    0) (   0,    0) (   0,    0) (   0,    0) (   0,    0) (   0,    0)
          (   0,    0) (   0,    0) (   0,    0) (   0,    0) (   0,    0) (   0,    0) (   0,    0) (   0,    0) (   0,    0) (   0,    0)
          (   0,    0) (   0,    0) (   0,    0) (   0,    0) (   0,    0) (   0,    0) (   0,    0) (   0,    0) (   0,    0) (   0,    0)
          (   0,    0) (   0,    0) (   0,    0) (   0,    0) (   0,    0) (   0,    0) (   0,    0) (   0,    0) (   0,    0) (   0,    0)
          (   0,    0) (   0,    0) (   0,    0) (   0,    0) (   0,    0) (   0,    0) (   0,    0) (   0,    0) (   0,    0) (   0,    0)
         
node  10 sent_total    162  recv_total    160

